SF:lib\src\widgets\app_bar_tale.dart
DA:10,1
DA:16,1
DA:18,1
DA:20,1
DA:22,1
DA:23,1
DA:27,2
DA:28,1
DA:64,1
DA:65,1
DA:66,2
DA:71,1
DA:92,1
LF:13
LH:13
end_of_record
SF:lib\src\constants\error_messages.dart
DA:25,1
DA:26,2
LF:2
LH:2
end_of_record
SF:lib\src\models\user_model.dart
DA:13,1
DA:26,1
DA:27,1
DA:28,1
DA:29,1
DA:30,1
DA:31,1
DA:32,1
DA:33,1
DA:34,1
DA:35,1
DA:37,1
DA:38,2
DA:53,1
DA:54,1
DA:55,1
DA:56,1
DA:57,1
DA:58,1
DA:59,1
DA:60,1
DA:61,1
DA:62,1
DA:63,1
DA:64,1
LF:25
LH:25
end_of_record
SF:lib\src\controllers\auth_controller.dart
LF:0
LH:0
end_of_record
SF:lib\src\models\card_model.dart
DA:27,1
DA:47,1
DA:48,1
DA:51,1
DA:52,1
DA:55,1
DA:56,1
DA:57,1
DA:58,1
DA:59,2
DA:60,2
DA:61,1
DA:62,2
DA:70,1
DA:71,1
DA:75,1
DA:76,1
DA:77,1
DA:78,1
DA:79,2
DA:80,2
DA:83,1
DA:84,2
DA:85,2
DA:86,2
DA:87,2
DA:88,2
DA:89,1
DA:90,1
DA:91,1
LF:30
LH:30
end_of_record
SF:lib\src\services\card_service.dart
DA:28,0
DA:30,0
DA:33,0
DA:36,0
DA:38,0
DA:39,0
DA:43,0
DA:44,0
DA:45,0
DA:48,0
DA:49,0
DA:52,0
DA:55,0
DA:60,0
DA:63,0
DA:65,0
DA:66,0
DA:70,0
DA:71,0
DA:72,0
DA:75,0
DA:76,0
DA:79,0
DA:82,0
DA:87,0
DA:90,0
DA:92,0
DA:93,0
DA:96,0
DA:97,0
DA:98,0
DA:101,0
DA:102,0
DA:104,0
DA:107,0
DA:112,0
DA:115,0
DA:117,0
DA:118,0
DA:119,0
DA:121,0
DA:122,0
DA:123,0
DA:125,0
DA:126,0
DA:127,0
DA:131,0
DA:132,0
DA:133,0
DA:138,0
DA:145,0
DA:150,0
DA:153,0
DA:158,0
DA:159,0
DA:161,0
DA:162,0
DA:163,0
DA:164,0
DA:166,0
DA:167,0
DA:170,0
DA:171,0
DA:172,0
DA:173,0
DA:174,0
DA:175,0
DA:176,0
DA:177,0
DA:178,0
DA:179,0
DA:181,0
DA:182,0
DA:187,0
DA:189,0
DA:190,0
DA:192,0
DA:193,0
DA:194,0
DA:195,0
DA:204,0
DA:205,0
DA:210,0
DA:217,0
DA:222,0
DA:224,0
DA:226,0
DA:228,0
DA:230,0
DA:231,0
DA:232,0
DA:233,0
DA:234,0
DA:235,0
DA:237,0
DA:238,0
DA:239,0
DA:242,0
DA:249,0
DA:254,0
DA:258,0
DA:260,0
DA:261,0
DA:262,0
DA:263,0
DA:264,0
DA:265,0
DA:266,0
DA:267,0
DA:270,0
DA:271,0
DA:273,0
DA:275,0
DA:277,0
DA:279,0
DA:281,0
DA:282,0
DA:290,0
DA:291,0
DA:293,0
DA:294,0
DA:295,0
DA:297,0
DA:299,0
DA:300,0
DA:303,0
DA:304,0
DA:306,0
DA:308,0
DA:309,0
DA:310,0
DA:311,0
DA:312,0
DA:313,0
DA:315,0
DA:323,0
DA:327,0
DA:329,0
DA:330,0
DA:331,0
DA:332,0
DA:333,0
DA:334,0
DA:338,0
DA:340,0
DA:341,0
DA:342,0
DA:343,0
DA:344,0
DA:345,0
DA:349,0
DA:350,0
DA:352,0
DA:353,0
DA:354,0
DA:355,0
DA:356,0
DA:357,0
LF:158
LH:0
end_of_record
SF:lib\src\services\tale_service.dart
DA:21,0
DA:23,0
DA:26,0
DA:28,0
DA:29,0
DA:30,0
DA:33,0
DA:35,0
DA:36,0
DA:37,0
DA:38,0
DA:39,0
DA:42,0
DA:43,0
DA:44,0
DA:45,0
DA:46,0
DA:47,0
DA:51,0
DA:53,0
DA:56,0
DA:61,0
DA:65,0
DA:66,0
DA:67,0
DA:68,0
DA:69,0
DA:70,0
DA:71,0
DA:74,0
DA:75,0
DA:77,0
DA:79,0
DA:80,0
DA:81,0
DA:82,0
DA:83,0
DA:84,0
DA:85,0
DA:92,0
DA:97,0
DA:101,0
DA:102,0
DA:103,0
DA:104,0
DA:105,0
DA:106,0
DA:107,0
DA:108,0
DA:109,0
DA:110,0
DA:111,0
DA:112,0
DA:113,0
DA:116,0
DA:123,0
DA:128,0
DA:131,0
DA:132,0
DA:133,0
DA:134,0
DA:135,0
DA:136,0
DA:137,0
DA:138,0
DA:139,0
DA:140,0
DA:141,0
DA:142,0
DA:143,0
DA:144,0
DA:145,0
DA:146,0
DA:147,0
DA:148,0
DA:150,0
DA:152,0
DA:158,0
DA:163,0
DA:165,0
DA:167,0
DA:168,0
DA:169,0
DA:170,0
DA:171,0
DA:172,0
DA:173,0
DA:174,0
DA:179,0
DA:180,0
DA:181,0
DA:182,0
DA:183,0
DA:184,0
DA:185,0
DA:187,0
DA:188,0
DA:189,0
DA:190,0
DA:193,0
DA:199,0
DA:222,0
DA:224,0
DA:226,0
DA:227,0
DA:229,0
DA:230,0
DA:231,0
DA:232,0
DA:233,0
DA:234,0
DA:235,0
DA:238,0
DA:239,0
DA:240,0
DA:241,0
DA:249,0
DA:251,0
DA:253,0
DA:254,0
DA:256,0
DA:257,0
DA:258,0
DA:259,0
DA:260,0
DA:261,0
DA:263,0
DA:265,0
DA:266,0
DA:267,0
DA:268,0
DA:270,0
DA:271,0
DA:272,0
DA:274,0
DA:275,0
DA:276,0
DA:277,0
DA:280,0
DA:286,0
DA:290,0
DA:293,0
DA:294,0
DA:298,0
DA:300,0
DA:303,0
DA:304,0
DA:305,0
DA:307,0
DA:308,0
DA:309,0
DA:310,0
DA:322,0
DA:325,0
DA:326,0
DA:327,0
DA:328,0
DA:329,0
DA:330,0
DA:334,0
DA:336,0
DA:337,0
DA:338,0
DA:339,0
DA:340,0
DA:341,0
DA:342,0
DA:343,0
DA:344,0
DA:345,0
LF:170
LH:0
end_of_record
SF:lib\src\models\tale_model.dart
DA:9,5
DA:18,2
DA:19,2
DA:20,2
DA:21,2
DA:22,2
DA:23,2
DA:24,2
DA:25,2
LF:9
LH:9
end_of_record
SF:lib\src\services\auth_service.dart
DA:27,0
DA:29,0
DA:30,0
DA:34,0
DA:36,0
DA:37,0
DA:39,0
DA:40,0
DA:42,0
DA:43,0
DA:45,0
DA:46,0
DA:47,0
DA:49,0
DA:52,0
DA:53,0
DA:55,0
DA:57,0
DA:58,0
DA:59,0
DA:60,0
DA:61,0
DA:62,0
DA:63,0
DA:65,0
DA:68,0
DA:69,0
DA:74,0
DA:75,0
DA:76,0
DA:79,0
DA:80,0
DA:81,0
DA:84,0
DA:87,0
DA:88,0
DA:92,0
DA:94,0
DA:97,0
DA:102,0
DA:105,0
DA:107,0
DA:111,0
DA:114,0
DA:120,0
DA:125,0
DA:127,0
DA:138,0
DA:139,0
DA:140,0
DA:141,0
DA:142,0
DA:143,0
DA:144,0
DA:145,0
DA:146,0
DA:147,0
DA:148,0
DA:149,0
DA:152,0
DA:155,0
DA:160,0
DA:162,0
DA:163,0
DA:164,0
DA:165,0
DA:166,0
DA:167,0
DA:168,0
DA:169,0
DA:170,0
DA:171,0
DA:175,0
DA:177,0
DA:178,0
DA:179,0
DA:180,0
DA:181,0
DA:182,0
DA:183,0
DA:184,0
DA:185,0
DA:189,0
DA:191,0
DA:193,0
DA:197,0
DA:200,0
DA:202,0
DA:214,0
DA:215,0
DA:219,0
DA:222,0
DA:225,0
DA:226,0
DA:230,0
DA:231,0
DA:232,0
DA:235,0
DA:236,0
DA:239,0
DA:244,0
DA:248,0
DA:249,0
DA:264,0
DA:266,0
DA:267,0
DA:268,0
DA:269,0
DA:271,0
DA:272,0
DA:276,0
DA:277,0
DA:278,0
DA:279,0
DA:280,0
DA:281,0
DA:284,0
DA:287,0
DA:293,0
DA:298,0
DA:301,0
DA:303,0
DA:305,0
DA:306,0
DA:308,0
DA:309,0
DA:314,0
DA:315,0
DA:319,0
DA:322,0
DA:323,0
DA:326,0
DA:328,0
DA:329,0
DA:330,0
DA:331,0
DA:332,0
DA:333,0
DA:334,0
DA:338,0
DA:342,0
DA:343,0
DA:344,0
DA:348,0
DA:350,0
DA:351,0
DA:352,0
DA:353,0
DA:355,0
DA:356,0
DA:358,0
DA:359,0
DA:362,0
DA:363,0
DA:364,0
DA:365,0
DA:366,0
DA:368,0
DA:372,0
LF:159
LH:0
end_of_record
SF:lib\src\utils\text_utils.dart
DA:5,2
DA:6,4
DA:9,1
DA:10,2
DA:13,1
DA:14,1
DA:15,1
DA:17,1
DA:24,1
DA:25,1
DA:26,1
DA:28,1
DA:30,1
DA:32,1
DA:34,1
DA:41,2
DA:43,2
DA:45,2
DA:47,2
DA:49,2
DA:51,2
DA:58,1
DA:59,1
DA:60,1
DA:62,1
DA:64,1
DA:66,1
DA:73,2
DA:75,2
DA:77,1
DA:79,1
DA:81,1
LF:32
LH:32
end_of_record
SF:lib\src\utils\matrix_utils.dart
LF:0
LH:0
end_of_record
SF:lib\src\pages\Login.dart
DA:15,1
DA:16,1
DA:35,0
DA:37,0
DA:38,0
DA:42,0
DA:43,0
DA:44,0
DA:46,0
DA:47,0
DA:52,0
DA:53,0
DA:54,0
DA:56,0
DA:61,0
DA:62,0
DA:64,0
DA:65,0
DA:66,0
DA:67,0
DA:68,0
DA:71,0
DA:72,0
DA:73,0
DA:74,0
DA:75,0
DA:79,0
DA:80,0
DA:81,0
DA:85,0
DA:87,0
DA:88,0
DA:89,0
DA:91,0
DA:92,0
DA:93,0
DA:94,0
DA:96,0
DA:99,0
DA:101,0
DA:102,0
DA:103,0
DA:106,0
DA:108,0
DA:109,0
DA:110,0
DA:112,0
DA:113,0
DA:115,0
DA:116,0
DA:117,0
DA:118,0
DA:120,0
DA:121,0
DA:123,0
DA:127,0
DA:128,0
DA:131,0
DA:133,0
DA:136,0
DA:139,0
DA:145,0
DA:148,0
DA:150,0
DA:153,0
DA:160,0
DA:164,0
DA:165,0
DA:168,0
DA:170,0
DA:173,0
DA:175,0
DA:178,0
DA:299,0
DA:300,0
DA:301,0
DA:302,0
DA:303,0
DA:305,0
DA:306,0
DA:308,0
DA:309,0
DA:310,0
DA:317,0
DA:319,0
DA:328,0
DA:329,0
DA:330,0
DA:331,0
DA:332,0
DA:333,0
DA:334,0
DA:337,0
DA:340,0
DA:347,0
DA:349,0
DA:352,0
DA:355,0
DA:360,0
DA:361,0
DA:362,0
DA:365,0
DA:367,0
DA:370,0
DA:372,0
DA:373,0
DA:377,0
DA:382,0
DA:383,0
DA:384,0
DA:385,0
DA:386,0
DA:387,0
DA:406,0
DA:407,0
DA:409,0
DA:410,0
DA:411,0
DA:416,0
DA:463,0
DA:464,0
DA:465,0
DA:466,0
DA:467,0
DA:469,0
DA:470,0
DA:471,0
DA:474,0
DA:475,0
DA:482,0
DA:485,0
DA:486,0
DA:487,0
DA:488,0
DA:489,0
DA:492,0
LF:136
LH:2
end_of_record
SF:lib\src\utils\validator.dart
DA:4,1
DA:5,1
DA:11,1
DA:12,1
DA:13,1
DA:18,1
DA:19,3
DA:21,1
DA:33,1
DA:34,1
DA:36,2
DA:37,1
DA:48,1
DA:49,2
DA:50,2
DA:51,2
DA:53,2
DA:55,3
DA:58,1
DA:59,1
DA:63,2
DA:69,1
DA:70,1
DA:74,1
DA:80,2
DA:81,2
DA:82,2
LF:27
LH:27
end_of_record
SF:lib\src\utils\device_info.dart
DA:9,2
DA:10,6
DA:11,4
DA:12,4
DA:13,4
DA:15,6
DA:21,4
LF:7
LH:7
end_of_record
SF:lib\src\utils\password_strength_indicator.dart
DA:14,1
DA:24,1
DA:26,1
DA:27,1
DA:28,2
DA:31,2
DA:32,2
DA:33,2
DA:34,2
DA:36,2
DA:40,1
DA:42,1
DA:43,1
DA:45,1
DA:46,1
DA:47,1
DA:48,1
DA:49,1
DA:56,1
DA:57,1
DA:58,2
DA:60,1
DA:61,1
DA:62,1
DA:63,2
DA:64,1
DA:65,2
DA:68,1
LF:28
LH:28
end_of_record
SF:lib\src\widgets\button.dart
DA:21,5
DA:38,5
DA:40,20
DA:41,1
DA:42,3
DA:43,1
DA:44,1
DA:45,1
DA:48,1
DA:49,2
DA:52,1
DA:55,5
DA:56,15
DA:57,5
DA:58,5
DA:59,5
DA:62,5
DA:63,10
DA:65,15
DA:67,5
DA:72,5
DA:73,5
DA:74,1
DA:77,1
DA:78,2
DA:83,5
DA:84,10
DA:85,5
DA:87,5
DA:88,5
DA:89,1
DA:90,1
DA:93,6
DA:94,5
DA:95,5
DA:96,5
DA:97,5
LF:37
LH:37
end_of_record
SF:lib\src\widgets\text_field.dart
DA:43,1
DA:80,1
DA:82,1
DA:83,1
DA:184,1
DA:186,2
DA:188,1
DA:191,1
DA:192,1
DA:194,2
DA:195,2
DA:196,2
DA:198,2
DA:199,2
DA:200,2
DA:201,2
DA:202,2
DA:203,2
DA:204,2
DA:205,2
DA:206,2
DA:207,2
DA:208,1
DA:209,2
DA:215,2
DA:216,2
DA:217,3
DA:218,2
DA:219,3
DA:220,1
DA:221,2
DA:222,2
DA:229,2
DA:230,1
DA:231,3
DA:235,2
DA:246,1
DA:247,2
DA:250,1
DA:251,1
DA:252,1
DA:253,2
DA:257,1
DA:258,1
DA:259,1
DA:260,2
DA:264,1
DA:265,1
DA:266,1
DA:268,2
DA:273,2
DA:274,2
DA:275,2
DA:276,2
LF:54
LH:54
end_of_record
SF:lib\src\utils\app_manager.dart
LF:0
LH:0
end_of_record
SF:lib\src\utils\tuple.dart
DA:5,2
LF:1
LH:1
end_of_record
SF:lib\src\pages\create_image_page.dart
DA:21,0
DA:22,0
DA:35,0
DA:36,0
DA:40,0
DA:41,0
DA:42,0
DA:44,0
DA:45,0
DA:46,0
DA:47,0
DA:49,0
DA:50,0
DA:51,0
DA:52,0
DA:53,0
DA:54,0
DA:55,0
DA:57,0
DA:62,0
DA:64,0
DA:65,0
DA:66,0
DA:68,0
DA:71,0
DA:73,0
DA:76,0
DA:78,0
DA:79,0
DA:80,0
DA:92,0
DA:93,0
DA:94,0
DA:100,0
DA:101,0
DA:108,0
DA:113,0
DA:114,0
DA:115,0
DA:120,0
DA:121,0
DA:122,0
DA:123,0
DA:124,0
DA:127,0
DA:128,0
DA:129,0
DA:136,0
DA:139,0
DA:142,0
DA:144,0
DA:147,0
DA:150,0
DA:151,0
DA:159,0
DA:168,0
DA:169,0
DA:170,0
DA:171,0
DA:172,0
LF:60
LH:0
end_of_record
SF:lib\src\pages\create_text_page.dart
DA:22,0
DA:23,0
DA:60,0
DA:61,0
DA:63,0
DA:64,0
DA:66,0
DA:67,0
DA:70,0
DA:71,0
DA:75,0
DA:76,0
DA:78,0
DA:80,0
DA:81,0
DA:82,0
DA:83,0
DA:84,0
DA:85,0
DA:86,0
DA:87,0
DA:88,0
DA:89,0
DA:90,0
DA:92,0
DA:93,0
DA:94,0
DA:95,0
DA:96,0
DA:97,0
DA:99,0
DA:104,0
DA:105,0
DA:106,0
DA:107,0
DA:108,0
DA:110,0
DA:111,0
DA:112,0
DA:113,0
DA:114,0
DA:116,0
DA:118,0
DA:126,0
DA:127,0
DA:128,0
DA:129,0
DA:139,0
DA:141,0
DA:142,0
DA:143,0
DA:145,0
DA:146,0
DA:147,0
DA:149,0
DA:150,0
DA:151,0
DA:153,0
DA:154,0
DA:155,0
DA:157,0
DA:160,0
DA:162,0
DA:163,0
DA:164,0
DA:165,0
DA:166,0
DA:170,0
DA:172,0
DA:173,0
DA:174,0
DA:186,0
DA:187,0
DA:188,0
DA:194,0
DA:195,0
DA:202,0
DA:207,0
DA:208,0
DA:209,0
DA:214,0
DA:215,0
DA:216,0
DA:217,0
DA:218,0
DA:221,0
DA:222,0
DA:223,0
DA:230,0
DA:233,0
DA:236,0
DA:237,0
DA:238,0
DA:245,0
DA:248,0
DA:251,0
DA:252,0
DA:253,0
DA:260,0
DA:261,0
DA:269,0
DA:272,0
DA:273,0
DA:274,0
DA:281,0
DA:282,0
DA:290,0
DA:293,0
DA:294,0
DA:295,0
DA:297,0
DA:298,0
DA:302,0
DA:305,0
DA:306,0
DA:307,0
DA:309,0
DA:310,0
DA:314,0
DA:317,0
DA:318,0
DA:319,0
DA:321,0
DA:322,0
DA:326,0
DA:329,0
DA:330,0
DA:333,0
DA:335,0
DA:340,0
DA:341,0
DA:344,0
DA:347,0
DA:349,0
DA:353,0
DA:357,0
DA:360,0
DA:361,0
DA:362,0
DA:363,0
DA:364,0
DA:385,0
DA:388,0
DA:389,0
DA:397,0
DA:406,0
DA:407,0
DA:408,0
DA:409,0
DA:410,0
LF:150
LH:0
end_of_record
SF:lib\src\pages\create_video_page.dart
DA:23,0
DA:24,0
DA:38,0
DA:39,0
DA:43,0
DA:44,0
DA:46,0
DA:48,0
DA:49,0
DA:50,0
DA:51,0
DA:53,0
DA:54,0
DA:55,0
DA:56,0
DA:57,0
DA:58,0
DA:59,0
DA:60,0
DA:63,0
DA:68,0
DA:70,0
DA:71,0
DA:72,0
DA:74,0
DA:77,0
DA:79,0
DA:82,0
DA:84,0
DA:85,0
DA:86,0
DA:95,0
DA:98,0
DA:99,0
DA:100,0
DA:106,0
DA:107,0
DA:114,0
DA:119,0
DA:120,0
DA:121,0
DA:126,0
DA:127,0
DA:128,0
DA:129,0
DA:130,0
DA:133,0
DA:134,0
DA:135,0
DA:142,0
DA:145,0
DA:148,0
DA:150,0
DA:153,0
DA:156,0
DA:157,0
DA:165,0
DA:174,0
DA:175,0
DA:176,0
DA:177,0
DA:178,0
LF:62
LH:0
end_of_record
SF:lib\src\widgets\button_slider.dart
DA:13,1
DA:15,1
DA:16,1
DA:26,0
DA:39,0
DA:52,0
DA:64,1
DA:66,1
DA:67,1
DA:68,2
DA:69,3
DA:70,2
DA:73,1
DA:75,2
DA:76,1
DA:79,1
DA:81,1
DA:82,1
DA:83,1
DA:84,1
DA:86,1
DA:88,1
DA:90,1
DA:93,1
DA:100,1
DA:102,1
DA:103,2
DA:104,2
DA:106,1
DA:107,2
DA:117,1
DA:121,1
DA:122,1
DA:123,3
DA:134,1
DA:135,1
DA:138,1
DA:139,1
DA:142,2
DA:143,1
DA:146,1
DA:147,1
DA:148,1
DA:149,1
DA:152,1
DA:170,1
LF:46
LH:43
end_of_record
SF:lib\src\controllers\media_controller.dart
DA:10,1
DA:11,2
DA:14,1
DA:16,2
DA:22,1
DA:23,2
DA:26,1
DA:28,2
LF:8
LH:8
end_of_record
SF:lib\src\screen\set_photo_screen.dart
DA:19,2
DA:29,2
DA:30,2
DA:39,2
DA:41,4
DA:42,6
DA:54,2
DA:57,2
DA:59,4
DA:60,4
DA:62,2
DA:65,0
DA:67,0
DA:69,0
DA:70,0
DA:71,0
DA:72,0
DA:73,0
DA:74,0
DA:76,0
DA:77,0
DA:78,0
DA:82,0
DA:84,0
DA:86,0
DA:87,0
DA:88,0
DA:89,0
DA:90,0
DA:91,0
DA:92,0
DA:94,0
DA:96,0
DA:97,0
DA:98,0
DA:102,0
DA:104,0
DA:106,0
DA:109,2
DA:110,2
DA:113,4
DA:118,2
DA:119,2
DA:121,2
DA:122,2
DA:129,1
DA:130,1
DA:133,2
DA:138,1
DA:139,1
DA:141,1
DA:142,1
DA:149,2
DA:151,2
DA:153,2
DA:156,2
DA:157,2
DA:158,2
DA:160,0
DA:167,2
DA:168,4
DA:170,0
DA:171,2
DA:174,2
DA:176,2
DA:177,2
DA:179,4
DA:180,2
DA:181,2
DA:182,2
DA:184,4
DA:191,0
DA:192,0
DA:194,0
DA:195,0
DA:197,0
DA:202,2
DA:203,2
DA:209,0
DA:210,0
DA:213,0
DA:214,0
DA:217,0
DA:218,0
DA:219,0
DA:220,0
DA:221,0
DA:223,0
DA:237,2
DA:240,2
DA:241,2
DA:243,6
DA:244,2
DA:245,1
DA:248,4
LF:95
LH:51
end_of_record
SF:lib\src\widgets\map.dart
DA:19,1
DA:25,1
DA:26,1
DA:38,1
DA:40,1
DA:41,1
DA:42,1
DA:44,1
DA:47,1
DA:49,1
DA:50,1
DA:51,1
DA:52,0
DA:56,1
DA:57,1
DA:58,3
DA:61,1
DA:63,1
DA:69,1
DA:70,1
DA:73,1
DA:74,1
DA:75,1
DA:76,1
DA:77,1
DA:78,1
DA:80,1
DA:81,1
DA:82,0
DA:85,0
DA:86,0
DA:97,1
DA:98,1
DA:99,1
DA:100,1
DA:103,1
DA:104,1
DA:105,1
DA:106,1
DA:108,1
DA:109,1
DA:110,1
DA:111,1
DA:112,5
DA:113,1
DA:114,3
DA:117,3
DA:125,3
DA:126,2
DA:127,0
DA:140,1
DA:141,2
DA:142,0
DA:143,1
DA:151,0
DA:152,0
DA:154,0
DA:157,1
DA:165,0
DA:170,0
DA:171,0
DA:172,0
DA:173,0
DA:174,0
DA:178,1
DA:179,2
DA:180,1
DA:181,1
DA:183,0
DA:184,0
DA:185,0
DA:186,0
DA:187,0
DA:189,0
DA:190,0
DA:191,0
DA:193,0
DA:194,0
DA:205,0
DA:206,0
DA:207,0
DA:208,0
DA:209,0
DA:218,0
DA:219,0
DA:220,0
DA:222,0
DA:223,0
DA:234,0
DA:235,0
DA:236,0
DA:237,0
DA:238,0
DA:239,0
DA:246,1
DA:247,1
DA:248,0
DA:249,0
DA:253,1
DA:254,1
DA:255,2
DA:257,1
DA:259,1
DA:260,0
DA:261,0
DA:262,0
DA:263,0
DA:265,0
DA:268,0
DA:271,0
DA:272,0
DA:273,0
DA:274,0
DA:293,0
DA:295,0
DA:296,0
DA:297,0
DA:298,0
DA:299,0
DA:300,0
DA:306,0
LF:121
LH:60
end_of_record
SF:lib\src\widgets\dropdown_button.dart
DA:14,1
DA:25,1
DA:26,1
DA:30,1
DA:32,1
DA:34,1
DA:36,1
DA:37,1
DA:38,1
DA:39,2
DA:47,1
DA:48,1
DA:49,2
DA:58,2
DA:59,3
DA:61,1
DA:62,1
DA:63,1
DA:64,2
DA:72,1
DA:82,1
DA:83,2
DA:85,0
DA:95,1
DA:96,2
DA:97,2
DA:100,1
DA:101,1
DA:102,1
DA:116,1
DA:117,2
DA:118,2
DA:119,1
DA:120,1
DA:122,1
DA:127,1
DA:129,1
DA:130,1
LF:38
LH:37
end_of_record
SF:lib\src\screen\select_photo_options_screen.dart
DA:7,2
DA:10,2
DA:12,2
DA:14,2
DA:17,2
DA:20,2
DA:21,2
DA:23,2
DA:27,2
DA:28,2
DA:36,4
DA:37,2
DA:38,3
DA:54,2
DA:55,3
LF:15
LH:15
end_of_record
SF:lib\src\widgets\re_usable_select_photo_button.dart
DA:10,4
DA:15,3
DA:17,3
DA:19,3
DA:20,3
DA:21,3
DA:27,3
DA:32,3
DA:35,3
DA:36,3
DA:37,3
DA:43,3
DA:44,3
LF:13
LH:13
end_of_record
SF:lib\src\widgets\canvas_card.dart
DA:11,1
DA:18,1
DA:19,1
DA:23,1
DA:25,1
DA:26,2
DA:27,1
DA:30,1
DA:34,1
DA:36,1
DA:38,1
DA:39,2
DA:42,1
DA:43,2
DA:46,2
DA:52,1
DA:55,1
DA:57,1
DA:58,2
LF:19
LH:19
end_of_record
SF:lib\main.dart
DA:28,0
DA:30,0
DA:33,0
DA:34,0
DA:36,0
DA:37,0
DA:38,0
DA:42,0
DA:44,0
DA:47,0
DA:48,0
DA:49,0
DA:51,0
DA:52,0
DA:57,0
DA:62,0
DA:63,0
DA:66,0
DA:67,0
DA:68,0
DA:69,0
DA:70,0
DA:71,0
DA:72,0
DA:73,0
DA:74,0
DA:75,0
DA:76,0
DA:79,0
DA:80,0
DA:81,0
DA:82,0
DA:83,0
LF:33
LH:0
end_of_record
SF:lib\src\widgets\change_password.dart
DA:21,13
DA:25,0
DA:26,0
DA:48,0
DA:49,0
DA:51,0
DA:52,0
DA:53,0
DA:54,0
DA:55,0
DA:58,0
DA:59,0
DA:60,0
DA:61,0
DA:62,0
DA:66,0
DA:67,0
DA:68,0
DA:72,0
DA:73,0
DA:74,0
DA:78,0
DA:80,0
DA:82,0
DA:83,0
DA:84,0
DA:86,0
DA:89,0
DA:91,0
DA:92,0
DA:93,0
DA:96,0
DA:97,0
DA:101,0
DA:103,0
DA:105,0
DA:110,0
DA:112,0
DA:113,0
DA:114,0
DA:115,0
DA:127,0
DA:128,0
DA:132,0
DA:135,0
DA:136,0
DA:144,0
DA:145,0
DA:153,0
DA:158,0
DA:159,0
DA:160,0
DA:161,0
DA:162,0
DA:163,0
DA:164,0
DA:167,0
DA:169,0
DA:172,0
DA:177,0
DA:178,0
DA:179,0
DA:182,0
DA:186,0
DA:189,0
DA:191,0
DA:194,0
DA:199,0
DA:200,0
DA:201,0
DA:204,0
DA:205,0
DA:209,0
DA:211,0
DA:213,0
DA:216,0
DA:224,0
DA:226,0
DA:227,0
DA:228,0
DA:229,0
DA:230,0
LF:82
LH:1
end_of_record
SF:lib\firebase_options.dart
DA:18,0
DA:22,0
DA:23,0
DA:25,0
DA:27,0
DA:29,0
DA:30,0
DA:34,0
DA:35,0
DA:40,0
LF:10
LH:0
end_of_record
SF:lib\src\pages\create_tale_page.dart
DA:28,14
DA:30,1
DA:31,1
DA:49,0
DA:50,0
DA:54,0
DA:56,0
DA:57,0
DA:58,0
DA:59,0
DA:60,0
DA:64,0
DA:65,0
DA:67,0
DA:68,0
DA:69,0
DA:70,0
DA:71,0
DA:72,0
DA:73,0
DA:74,0
DA:75,0
DA:76,0
DA:79,0
DA:80,0
DA:81,0
DA:82,0
DA:83,0
DA:84,0
DA:85,0
DA:86,0
DA:90,0
DA:95,0
DA:96,0
DA:97,0
DA:98,0
DA:99,0
DA:100,0
DA:101,0
DA:103,0
DA:104,0
DA:105,0
DA:113,0
DA:118,0
DA:119,0
DA:120,0
DA:121,0
DA:122,0
DA:123,0
DA:124,0
DA:125,0
DA:129,0
DA:134,0
DA:135,0
DA:136,0
DA:137,0
DA:138,0
DA:139,0
DA:140,0
DA:141,0
DA:142,0
DA:143,0
DA:144,0
DA:145,0
DA:146,0
DA:147,0
DA:151,0
DA:152,0
DA:153,0
DA:154,0
DA:155,0
DA:156,0
DA:158,0
DA:159,0
DA:168,0
DA:197,0
DA:199,0
DA:200,0
DA:201,0
DA:203,0
DA:204,0
DA:205,0
DA:207,0
DA:208,0
DA:210,0
DA:211,0
DA:213,0
DA:214,0
DA:215,0
DA:216,0
DA:219,0
DA:221,0
DA:222,0
DA:223,0
DA:226,0
DA:228,0
DA:229,0
DA:230,0
DA:231,0
DA:232,0
DA:234,0
DA:239,0
DA:240,0
DA:242,0
DA:243,0
DA:244,0
DA:246,0
DA:250,0
DA:252,0
DA:254,0
DA:255,0
DA:261,0
DA:264,0
DA:266,0
DA:273,0
DA:281,0
DA:283,0
DA:286,0
DA:295,0
DA:302,0
DA:304,0
DA:309,0
DA:311,0
DA:312,0
DA:324,0
DA:325,0
DA:327,0
DA:329,0
DA:330,0
DA:331,0
DA:332,0
DA:333,0
DA:334,0
DA:335,0
DA:336,0
DA:337,0
DA:341,0
LF:137
LH:3
end_of_record
SF:lib\src\pages\favorite_tales.dart
DA:14,0
DA:15,0
DA:27,0
DA:29,0
DA:30,0
DA:31,0
DA:33,0
DA:34,0
DA:37,0
DA:39,0
DA:40,0
DA:41,0
DA:52,0
DA:53,0
DA:54,0
DA:55,0
DA:56,0
DA:59,0
DA:60,0
DA:62,0
DA:63,0
DA:64,0
DA:65,0
DA:67,0
DA:76,0
DA:79,0
DA:85,0
DA:86,0
DA:87,0
DA:88,0
DA:90,0
DA:91,0
DA:92,0
DA:94,0
DA:95,0
DA:96,0
DA:97,0
DA:98,0
DA:99,0
DA:100,0
DA:101,0
DA:102,0
DA:106,0
DA:108,0
DA:109,0
DA:110,0
DA:111,0
DA:112,0
DA:113,0
DA:114,0
DA:116,0
DA:122,0
DA:123,0
DA:124,0
DA:125,0
DA:126,0
DA:127,0
DA:128,0
DA:129,0
DA:131,0
DA:138,0
DA:139,0
DA:140,0
DA:141,0
DA:142,0
DA:146,0
DA:150,0
DA:155,0
DA:156,0
DA:158,0
LF:70
LH:0
end_of_record
SF:lib\src\pages\Login.dart
DA:15,0
DA:16,0
DA:35,0
DA:37,0
DA:38,0
DA:42,0
DA:43,0
DA:44,0
DA:46,0
DA:47,0
DA:52,0
DA:53,0
DA:54,0
DA:56,0
DA:61,0
DA:62,0
DA:64,0
DA:65,0
DA:66,0
DA:67,0
DA:68,0
DA:71,0
DA:72,0
DA:73,0
DA:74,0
DA:75,0
DA:79,0
DA:80,0
DA:81,0
DA:85,0
DA:87,0
DA:88,0
DA:89,0
DA:91,0
DA:92,0
DA:93,0
DA:94,0
DA:96,0
DA:99,0
DA:101,0
DA:102,0
DA:103,0
DA:106,0
DA:108,0
DA:109,0
DA:110,0
DA:112,0
DA:113,0
DA:115,0
DA:116,0
DA:117,0
DA:118,0
DA:120,0
DA:121,0
DA:123,0
DA:127,0
DA:128,0
DA:131,0
DA:133,0
DA:136,0
DA:139,0
DA:145,0
DA:148,0
DA:150,0
DA:153,0
DA:160,0
DA:164,0
DA:165,0
DA:168,0
DA:170,0
DA:173,0
DA:175,0
DA:178,0
DA:299,0
DA:300,0
DA:301,0
DA:302,0
DA:303,0
DA:305,0
DA:306,0
DA:308,0
DA:309,0
DA:310,0
DA:317,0
DA:319,0
DA:328,0
DA:329,0
DA:330,0
DA:331,0
DA:332,0
DA:333,0
DA:334,0
DA:337,0
DA:340,0
DA:347,0
DA:349,0
DA:352,0
DA:355,0
DA:360,0
DA:361,0
DA:362,0
DA:365,0
DA:367,0
DA:370,0
DA:372,0
DA:373,0
DA:377,0
DA:382,0
DA:383,0
DA:384,0
DA:385,0
DA:386,0
DA:387,0
DA:406,0
DA:407,0
DA:409,0
DA:410,0
DA:411,0
DA:416,0
DA:463,0
DA:464,0
DA:465,0
DA:466,0
DA:467,0
DA:469,0
DA:470,0
DA:471,0
DA:474,0
DA:475,0
DA:482,0
DA:485,0
DA:486,0
DA:487,0
DA:488,0
DA:489,0
DA:492,0
LF:136
LH:0
end_of_record
SF:lib\src\pages\profile.dart
DA:28,1
DA:29,1
DA:69,0
DA:70,0
DA:72,0
DA:75,0
DA:76,0
DA:77,0
DA:78,0
DA:79,0
DA:80,0
DA:81,0
DA:82,0
DA:83,0
DA:84,0
DA:87,0
DA:88,0
DA:91,0
DA:92,0
DA:93,0
DA:97,0
DA:102,0
DA:104,0
DA:105,0
DA:106,0
DA:107,0
DA:108,0
DA:112,0
DA:114,0
DA:115,0
DA:116,0
DA:117,0
DA:121,0
DA:122,0
DA:123,0
DA:124,0
DA:125,0
DA:131,0
DA:132,0
DA:134,0
DA:135,0
DA:136,0
DA:139,0
DA:140,0
DA:141,0
DA:144,0
DA:145,0
DA:148,0
DA:149,0
DA:152,0
DA:154,0
DA:155,0
DA:156,0
DA:157,0
DA:158,0
DA:159,0
DA:160,0
DA:161,0
DA:162,0
DA:163,0
DA:164,0
DA:166,0
DA:170,0
DA:172,0
DA:173,0
DA:174,0
DA:175,0
DA:176,0
DA:177,0
DA:178,0
DA:179,0
DA:180,0
DA:183,0
DA:185,0
DA:186,0
DA:187,0
DA:188,0
DA:197,0
DA:202,0
DA:203,0
DA:204,0
DA:205,0
DA:208,0
DA:209,0
DA:210,0
DA:211,0
DA:212,0
DA:224,0
DA:226,0
DA:227,0
DA:230,0
DA:235,0
DA:237,0
DA:238,0
DA:240,0
DA:241,0
DA:242,0
DA:243,0
DA:245,0
DA:246,0
DA:247,0
DA:248,0
DA:249,0
DA:251,0
DA:253,0
DA:254,0
DA:255,0
DA:256,0
DA:257,0
DA:258,0
DA:259,0
DA:260,0
DA:261,0
DA:262,0
DA:265,0
DA:267,0
DA:268,0
DA:269,0
DA:270,0
DA:271,0
DA:275,0
DA:279,0
DA:280,0
DA:281,0
DA:282,0
DA:287,0
DA:288,0
DA:301,0
DA:305,0
DA:306,0
DA:308,0
DA:309,0
DA:314,0
DA:315,0
DA:316,0
DA:319,0
DA:320,0
DA:321,0
DA:322,0
DA:323,0
DA:325,0
DA:326,0
DA:327,0
DA:328,0
DA:329,0
DA:330,0
DA:332,0
DA:335,0
DA:336,0
DA:339,0
DA:344,0
DA:345,0
DA:346,0
DA:347,0
DA:349,0
DA:350,0
DA:357,0
DA:360,0
DA:361,0
DA:363,0
DA:364,0
DA:371,0
DA:374,0
DA:375,0
DA:378,0
DA:379,0
DA:388,0
DA:389,0
DA:392,0
DA:394,0
DA:395,0
DA:397,0
DA:402,0
DA:405,0
DA:406,0
DA:410,0
DA:417,0
DA:420,0
DA:421,0
DA:422,0
DA:423,0
DA:425,0
DA:427,0
DA:430,0
DA:431,0
DA:433,0
DA:434,0
DA:441,0
DA:444,0
DA:445,0
DA:447,0
DA:456,0
DA:457,0
DA:459,0
DA:463,0
DA:464,0
DA:466,0
DA:475,0
DA:476,0
DA:478,0
DA:479,0
DA:480,0
DA:481,0
DA:485,0
DA:486,0
DA:487,0
DA:488,0
DA:490,0
DA:492,0
DA:493,0
DA:494,0
DA:497,0
DA:498,0
DA:503,0
DA:506,0
DA:507,0
DA:508,0
DA:510,0
DA:511,0
DA:512,0
DA:516,0
DA:517,0
DA:521,0
DA:522,0
DA:524,0
DA:525,0
DA:526,0
DA:530,0
DA:531,0
DA:533,0
DA:544,0
DA:546,0
DA:548,0
DA:553,0
DA:557,0
DA:558,0
DA:559,0
DA:563,0
DA:564,0
DA:565,0
DA:566,0
DA:567,0
DA:568,0
DA:569,0
DA:570,0
DA:571,0
DA:573,0
DA:574,0
DA:575,0
DA:576,0
DA:577,0
DA:578,0
DA:580,0
DA:583,0
DA:584,0
DA:586,0
DA:589,0
DA:592,0
DA:593,0
DA:594,0
DA:596,0
DA:599,0
DA:600,0
DA:604,0
DA:605,0
DA:607,0
DA:610,0
DA:611,0
DA:615,0
DA:616,0
DA:620,0
DA:622,0
DA:633,0
DA:634,0
DA:637,0
DA:641,0
DA:642,0
DA:646,0
DA:648,0
DA:659,0
DA:660,0
DA:664,0
DA:667,0
DA:668,0
DA:671,0
DA:672,0
DA:676,0
DA:677,0
DA:689,0
DA:692,0
DA:693,0
DA:698,0
DA:700,0
DA:702,0
DA:703,0
DA:704,0
DA:706,0
DA:715,0
DA:719,0
DA:722,0
DA:723,0
DA:726,0
DA:727,0
DA:732,0
DA:742,0
DA:745,0
DA:748,0
DA:749,0
DA:751,0
DA:752,0
DA:754,0
DA:757,0
DA:761,0
DA:764,0
DA:765,0
DA:768,0
DA:769,0
DA:772,0
DA:774,0
DA:785,0
DA:786,0
DA:789,0
DA:792,0
DA:793,0
DA:797,0
DA:807,0
DA:808,0
DA:809,0
DA:812,0
DA:816,0
DA:817,0
DA:818,0
DA:821,0
DA:833,0
DA:836,0
DA:837,0
DA:840,0
DA:841,0
DA:842,0
DA:843,0
DA:847,0
DA:848,0
DA:849,0
DA:850,0
DA:854,0
DA:856,0
DA:857,0
DA:858,0
DA:859,0
DA:862,0
DA:866,0
DA:872,0
DA:877,0
DA:878,0
DA:881,0
DA:882,0
DA:883,0
DA:887,0
DA:888,0
DA:892,0
DA:895,0
DA:896,0
DA:897,0
DA:901,0
DA:902,0
DA:904,0
DA:914,0
DA:916,0
DA:918,0
DA:923,0
DA:927,0
DA:934,0
DA:935,0
DA:936,0
DA:938,0
DA:939,0
DA:940,0
DA:944,0
DA:949,0
DA:953,0
DA:954,0
DA:955,0
DA:957,0
DA:958,0
DA:959,0
DA:960,0
DA:961,0
DA:964,0
DA:965,0
DA:966,0
DA:972,0
DA:975,0
DA:976,0
DA:978,0
DA:979,0
DA:982,0
LF:396
LH:2
end_of_record
SF:lib\src\pages\register.dart
DA:14,1
DA:15,1
DA:38,0
DA:39,0
DA:43,0
DA:44,0
DA:45,0
DA:46,0
DA:47,0
DA:48,0
DA:49,0
DA:51,0
DA:52,0
DA:53,0
DA:54,0
DA:56,0
DA:61,0
DA:62,0
DA:64,0
DA:65,0
DA:66,0
DA:67,0
DA:68,0
DA:71,0
DA:72,0
DA:73,0
DA:74,0
DA:75,0
DA:79,0
DA:80,0
DA:81,0
DA:85,0
DA:86,0
DA:87,0
DA:91,0
DA:92,0
DA:94,0
DA:95,0
DA:96,0
DA:99,0
DA:100,0
DA:101,0
DA:104,0
DA:105,0
DA:108,0
DA:110,0
DA:111,0
DA:112,0
DA:114,0
DA:115,0
DA:116,0
DA:118,0
DA:119,0
DA:120,0
DA:122,0
DA:123,0
DA:124,0
DA:126,0
DA:127,0
DA:128,0
DA:129,0
DA:131,0
DA:132,0
DA:133,0
DA:135,0
DA:138,0
DA:140,0
DA:141,0
DA:142,0
DA:143,0
DA:144,0
DA:145,0
DA:146,0
DA:149,0
DA:151,0
DA:152,0
DA:153,0
DA:155,0
DA:157,0
DA:158,0
DA:159,0
DA:160,0
DA:162,0
DA:163,0
DA:164,0
DA:166,0
DA:169,0
DA:170,0
DA:176,0
DA:186,0
DA:187,0
DA:188,0
DA:189,0
DA:192,0
DA:193,0
DA:194,0
DA:195,0
DA:197,0
DA:207,0
DA:208,0
DA:209,0
DA:210,0
DA:211,0
DA:214,0
DA:217,0
DA:219,0
DA:222,0
DA:229,0
DA:233,0
DA:235,0
DA:238,0
DA:245,0
DA:249,0
DA:251,0
DA:254,0
DA:261,0
DA:265,0
DA:267,0
DA:270,0
DA:272,0
DA:273,0
DA:276,0
DA:281,0
DA:285,0
DA:287,0
DA:290,0
DA:295,0
DA:296,0
DA:297,0
DA:300,0
DA:304,0
DA:306,0
DA:309,0
DA:314,0
DA:315,0
DA:316,0
DA:319,0
DA:320,0
DA:324,0
DA:326,0
DA:329,0
DA:330,0
DA:333,0
DA:338,0
DA:340,0
DA:341,0
DA:342,0
DA:343,0
DA:344,0
DA:469,0
DA:470,0
DA:471,0
DA:472,0
DA:473,0
DA:475,0
DA:476,0
DA:479,0
DA:480,0
DA:487,0
DA:491,0
DA:492,0
DA:493,0
DA:495,0
DA:497,0
LF:164
LH:2
end_of_record
SF:lib\src\pages\my_tales.dart
DA:12,1
DA:13,1
DA:24,0
DA:26,0
DA:27,0
DA:29,0
DA:32,0
DA:34,0
DA:37,0
DA:39,0
DA:40,0
DA:41,0
DA:52,0
DA:53,0
DA:56,0
DA:57,0
DA:58,0
DA:61,0
DA:74,0
DA:75,0
DA:76,0
DA:77,0
DA:79,0
DA:80,0
DA:81,0
DA:83,0
DA:84,0
DA:85,0
DA:86,0
DA:87,0
DA:88,0
DA:89,0
DA:91,0
DA:92,0
DA:96,0
DA:98,0
DA:99,0
DA:100,0
DA:101,0
DA:102,0
DA:103,0
DA:104,0
DA:106,0
DA:112,0
DA:113,0
DA:114,0
DA:115,0
DA:116,0
DA:117,0
DA:118,0
DA:119,0
DA:121,0
DA:127,0
DA:129,0
DA:131,0
DA:190,0
DA:191,0
DA:192,0
DA:193,0
DA:194,0
DA:195,0
DA:196,0
DA:198,0
DA:199,0
LF:64
LH:2
end_of_record
SF:lib\src\pages\tale.dart
DA:21,1
DA:23,1
DA:24,1
DA:40,0
DA:41,0
DA:42,0
DA:43,0
DA:47,0
DA:49,0
DA:50,0
DA:53,0
DA:55,0
DA:95,0
DA:96,0
DA:104,0
DA:106,0
DA:107,0
DA:108,0
DA:110,0
DA:111,0
DA:113,0
DA:118,0
DA:119,0
DA:120,0
DA:121,0
DA:122,0
DA:124,0
DA:125,0
DA:126,0
DA:127,0
DA:128,0
DA:130,0
DA:131,0
DA:132,0
DA:136,0
DA:137,0
DA:138,0
DA:139,0
DA:151,0
DA:153,0
DA:154,0
DA:155,0
DA:156,0
DA:157,0
DA:158,0
DA:162,0
DA:163,0
DA:164,0
DA:165,0
DA:166,0
DA:174,0
DA:175,0
DA:177,0
DA:178,0
DA:179,0
DA:180,0
DA:181,0
DA:183,0
DA:186,0
DA:214,0
DA:215,0
DA:216,0
DA:217,0
DA:223,0
DA:225,0
DA:227,0
DA:243,0
DA:244,0
DA:245,0
DA:246,0
DA:249,0
DA:250,0
DA:251,0
DA:252,0
DA:253,0
DA:254,0
DA:255,0
DA:256,0
DA:257,0
DA:258,0
DA:259,0
DA:260,0
DA:266,0
DA:267,0
DA:271,0
DA:273,0
DA:275,0
DA:276,0
DA:278,0
DA:280,0
DA:281,0
DA:284,0
DA:285,0
DA:286,0
DA:287,0
DA:288,0
DA:290,0
DA:292,0
DA:295,0
DA:298,0
DA:299,0
DA:300,0
DA:301,0
DA:302,0
DA:304,0
DA:306,0
DA:317,0
DA:318,0
DA:319,0
DA:321,0
DA:323,0
DA:324,0
DA:325,0
DA:326,0
DA:328,0
DA:330,0
DA:331,0
DA:333,0
DA:350,0
DA:351,0
DA:353,0
DA:355,0
DA:356,0
DA:357,0
DA:358,0
DA:361,0
DA:362,0
DA:365,0
DA:366,0
DA:367,0
DA:368,0
DA:372,0
DA:373,0
DA:376,0
DA:377,0
DA:378,0
DA:380,0
DA:381,0
DA:382,0
DA:384,0
DA:395,0
DA:396,0
DA:397,0
DA:398,0
DA:399,0
DA:400,0
DA:401,0
DA:410,0
DA:411,0
DA:412,0
LF:150
LH:3
end_of_record
SF:lib\src\pages\home.dart
DA:7,2
DA:9,1
DA:11,1
DA:12,1
DA:13,1
DA:15,1
DA:17,1
DA:18,1
DA:20,1
DA:21,1
DA:23,1
DA:29,1
DA:30,1
DA:31,1
DA:32,1
DA:34,3
DA:35,1
DA:36,1
DA:37,1
DA:41,1
DA:43,0
DA:44,2
DA:49,1
DA:50,1
DA:51,1
DA:52,1
DA:53,1
DA:55,1
DA:56,1
DA:57,1
DA:58,1
DA:63,1
DA:64,1
DA:65,1
DA:73,1
DA:76,1
DA:79,1
DA:86,1
DA:90,1
DA:93,1
DA:100,1
DA:103,1
DA:106,1
DA:119,1
DA:120,1
DA:121,1
DA:122,1
DA:123,1
DA:125,1
DA:127,1
DA:130,1
DA:131,1
DA:132,1
DA:140,1
DA:143,1
DA:144,1
DA:146,1
DA:152,1
DA:154,1
DA:160,1
DA:162,1
DA:174,1
DA:175,1
DA:176,1
DA:177,1
DA:178,1
DA:180,1
DA:181,2
DA:182,1
DA:185,1
DA:186,1
DA:193,1
DA:194,1
DA:197,1
DA:198,1
DA:199,1
DA:200,1
DA:202,1
LF:78
LH:77
end_of_record
SF:lib\src\widgets\menu_bar_tale.dart
DA:16,0
DA:17,0
DA:18,0
DA:27,0
DA:28,0
DA:29,0
DA:33,0
DA:35,0
DA:36,0
DA:37,0
DA:38,0
DA:41,0
DA:43,0
DA:44,0
DA:47,0
DA:49,0
DA:50,0
DA:51,0
DA:52,0
DA:53,0
DA:54,0
DA:58,0
DA:59,0
DA:60,0
DA:61,0
DA:63,0
DA:64,0
DA:65,0
DA:66,0
DA:67,0
DA:68,0
DA:69,0
DA:70,0
DA:71,0
DA:75,0
DA:79,0
DA:84,0
DA:86,0
DA:95,0
DA:96,0
DA:102,0
DA:103,0
DA:104,0
DA:105,0
DA:108,0
DA:109,0
DA:112,0
DA:115,0
DA:120,0
DA:121,0
DA:122,0
DA:123,0
DA:125,0
DA:144,0
DA:145,0
DA:148,0
DA:149,0
DA:150,0
LF:58
LH:0
end_of_record
SF:lib\src\constants\memory_card_info.dart
DA:14,1
LF:1
LH:1
end_of_record
SF:lib\src\widgets\tale_card.dart
DA:19,1
DA:26,1
DA:28,1
DA:29,1
DA:40,0
DA:49,0
DA:50,0
DA:53,0
DA:55,0
DA:57,0
DA:58,0
DA:61,0
DA:64,0
DA:65,0
DA:66,0
DA:68,0
DA:69,0
DA:72,0
DA:74,0
DA:75,0
DA:76,0
DA:78,0
DA:80,0
DA:82,0
DA:88,0
DA:89,0
DA:90,0
DA:91,0
DA:92,0
DA:93,0
DA:94,0
DA:95,0
DA:96,0
DA:98,0
DA:103,0
DA:104,0
DA:110,0
DA:111,0
DA:112,0
DA:113,0
DA:114,0
DA:115,0
DA:117,0
DA:118,0
DA:119,0
DA:120,0
DA:127,0
DA:128,0
DA:129,0
DA:130,0
DA:131,0
DA:132,0
DA:133,0
DA:134,0
DA:135,0
DA:141,0
DA:142,0
DA:147,0
DA:148,0
DA:149,0
DA:150,0
DA:151,0
DA:163,0
DA:164,0
DA:167,0
DA:168,0
DA:169,0
DA:172,0
DA:174,0
DA:175,0
DA:181,0
DA:182,0
DA:185,0
DA:186,0
LF:74
LH:4
end_of_record
SF:lib\src\widgets\delete_user_dialog.dart
DA:13,13
DA:15,0
DA:16,0
DA:23,0
DA:25,0
DA:27,0
DA:29,0
DA:30,0
DA:32,0
DA:37,0
DA:39,0
DA:42,0
DA:44,0
DA:47,0
DA:49,0
DA:63,0
DA:64,0
DA:72,0
DA:73,0
DA:81,0
LF:20
LH:1
end_of_record
SF:lib\src\widgets\dialog_popup.dart
DA:7,1
DA:9,1
DA:10,1
DA:12,1
DA:13,1
DA:14,1
DA:15,1
DA:24,4
DA:25,2
LF:9
LH:9
end_of_record
SF:lib\src\pages\reorder_page.dart
DA:23,0
DA:24,0
DA:35,0
DA:37,0
DA:38,0
DA:41,0
DA:43,0
DA:46,0
DA:48,0
DA:49,0
DA:50,0
DA:62,0
DA:63,0
DA:64,0
DA:69,0
DA:72,0
DA:77,0
DA:80,0
DA:82,0
DA:84,0
DA:85,0
DA:86,0
DA:87,0
DA:98,0
DA:102,0
DA:104,0
DA:105,0
DA:106,0
DA:107,0
DA:108,0
DA:110,0
DA:111,0
DA:114,0
DA:116,0
DA:117,0
DA:118,0
DA:119,0
DA:125,0
DA:126,0
DA:127,0
DA:128,0
DA:131,0
DA:132,0
DA:133,0
DA:139,0
DA:140,0
DA:141,0
DA:142,0
DA:143,0
DA:144,0
DA:145,0
DA:148,0
DA:155,0
DA:156,0
DA:157,0
DA:158,0
DA:159,0
DA:160,0
DA:161,0
DA:162,0
DA:164,0
DA:165,0
DA:169,0
DA:177,0
DA:178,0
DA:179,0
DA:180,0
DA:182,0
DA:183,0
DA:184,0
DA:187,0
DA:188,0
DA:189,0
DA:190,0
DA:191,0
DA:192,0
DA:201,0
DA:202,0
DA:205,0
DA:206,0
DA:208,0
DA:209,0
DA:210,0
DA:211,0
DA:212,0
DA:213,0
DA:214,0
DA:215,0
DA:216,0
DA:217,0
DA:223,0
DA:224,0
DA:225,0
DA:226,0
DA:227,0
DA:228,0
DA:229,0
DA:234,0
LF:98
LH:0
end_of_record
SF:lib\src\widgets\reset_position_dialog.dart
DA:21,0
DA:23,0
DA:24,0
DA:31,0
DA:32,0
DA:33,0
DA:34,0
DA:36,0
DA:41,0
DA:43,0
DA:46,0
DA:48,0
DA:51,0
DA:53,0
DA:65,0
DA:66,0
DA:74,0
DA:75,0
DA:83,0
LF:19
LH:0
end_of_record
SF:lib\src\widgets\delete_item_dialog.dart
DA:23,0
DA:25,0
DA:26,0
DA:34,0
DA:36,0
DA:37,0
DA:38,0
DA:41,0
DA:42,0
DA:43,0
DA:45,0
DA:46,0
DA:48,0
DA:53,0
DA:55,0
DA:58,0
DA:60,0
DA:63,0
DA:65,0
DA:67,0
DA:68,0
DA:72,0
DA:73,0
DA:77,0
DA:78,0
DA:86,0
DA:87,0
DA:95,0
LF:28
LH:0
end_of_record
SF:lib\src\pages\tale_info.dart
DA:28,1
DA:29,1
DA:45,0
DA:47,0
DA:48,0
DA:49,0
DA:50,0
DA:51,0
DA:52,0
DA:53,0
DA:54,0
DA:55,0
DA:56,0
DA:58,0
DA:66,0
DA:69,0
DA:72,0
DA:73,0
DA:74,0
DA:78,0
DA:80,0
DA:81,0
DA:82,0
DA:84,0
DA:85,0
DA:93,0
DA:94,0
DA:95,0
DA:96,0
DA:97,0
DA:98,0
DA:100,0
DA:107,0
DA:110,0
DA:111,0
DA:118,0
DA:121,0
DA:123,0
DA:124,0
DA:125,0
DA:126,0
DA:128,0
DA:129,0
DA:130,0
DA:131,0
DA:145,0
DA:148,0
DA:150,0
DA:153,0
DA:155,0
DA:156,0
DA:159,0
DA:166,0
DA:172,0
DA:175,0
DA:182,0
DA:193,0
DA:194,0
DA:195,0
DA:196,0
DA:197,0
DA:224,0
DA:225,0
DA:226,0
DA:227,0
DA:228,0
DA:229,0
DA:232,0
DA:233,0
DA:234,0
DA:238,0
DA:239,0
DA:240,0
DA:242,0
DA:243,0
DA:244,0
DA:245,0
DA:247,0
DA:248,0
DA:249,0
DA:251,0
DA:252,0
DA:253,0
DA:254,0
DA:259,0
DA:260,0
DA:263,0
DA:270,0
DA:271,0
DA:272,0
DA:276,0
DA:277,0
DA:278,0
DA:279,0
DA:280,0
DA:282,0
LF:96
LH:2
end_of_record
SF:lib\src\widgets\tale_builder.dart
DA:25,0
DA:32,0
DA:33,0
DA:67,0
DA:69,0
DA:71,0
DA:72,0
DA:75,0
DA:76,0
DA:77,0
DA:106,0
DA:108,0
DA:109,0
DA:110,0
DA:114,0
DA:115,0
DA:116,0
DA:119,0
DA:121,0
DA:122,0
DA:123,0
DA:127,0
DA:128,0
DA:129,0
DA:130,0
DA:131,0
DA:133,0
DA:134,0
DA:135,0
DA:137,0
DA:139,0
DA:140,0
DA:141,0
DA:142,0
DA:143,0
DA:144,0
DA:145,0
DA:147,0
DA:148,0
DA:151,0
DA:152,0
DA:153,0
DA:154,0
DA:156,0
DA:157,0
DA:164,0
DA:166,0
DA:167,0
DA:168,0
DA:169,0
DA:170,0
DA:171,0
DA:172,0
DA:173,0
DA:174,0
DA:175,0
DA:176,0
DA:177,0
DA:178,0
DA:180,0
DA:182,0
DA:184,0
DA:185,0
DA:186,0
DA:187,0
DA:188,0
DA:189,0
DA:190,0
DA:191,0
DA:192,0
DA:194,0
DA:196,0
DA:198,0
DA:199,0
DA:200,0
DA:201,0
DA:202,0
DA:203,0
DA:204,0
DA:205,0
DA:206,0
DA:208,0
DA:210,0
DA:212,0
DA:213,0
DA:214,0
DA:215,0
DA:216,0
DA:217,0
DA:218,0
DA:219,0
DA:230,0
DA:232,0
DA:234,0
LF:94
LH:0
end_of_record
SF:lib\src\widgets\memory_card.dart
DA:48,0
DA:71,0
DA:72,0
DA:99,0
DA:103,0
DA:105,0
DA:106,0
DA:109,0
DA:111,0
DA:112,0
DA:117,0
DA:118,0
DA:119,0
DA:122,0
DA:124,0
DA:125,0
DA:127,0
DA:130,0
DA:132,0
DA:134,0
DA:156,0
DA:157,0
DA:158,0
DA:159,0
DA:160,0
DA:161,0
DA:162,0
DA:166,0
DA:168,0
DA:170,0
DA:171,0
DA:174,0
DA:177,0
DA:179,0
DA:180,0
DA:182,0
DA:183,0
DA:197,0
DA:198,0
DA:201,0
DA:205,0
DA:206,0
DA:209,0
DA:213,0
DA:214,0
DA:217,0
DA:220,0
DA:221,0
DA:222,0
DA:229,0
DA:230,0
DA:235,0
DA:236,0
DA:237,0
DA:238,0
DA:239,0
DA:248,0
DA:249,0
DA:250,0
DA:252,0
DA:253,0
DA:254,0
DA:255,0
DA:258,0
DA:260,0
DA:261,0
DA:262,0
DA:263,0
DA:264,0
DA:265,0
DA:266,0
DA:267,0
DA:268,0
DA:269,0
DA:270,0
DA:271,0
DA:272,0
DA:273,0
DA:283,0
DA:284,0
DA:290,0
DA:291,0
DA:292,0
DA:293,0
DA:294,0
DA:295,0
DA:296,0
DA:297,0
DA:298,0
DA:299,0
DA:300,0
DA:301,0
DA:302,0
DA:303,0
DA:304,0
DA:305,0
DA:306,0
DA:308,0
DA:310,0
DA:312,0
DA:313,0
DA:314,0
DA:315,0
DA:316,0
DA:317,0
DA:318,0
DA:319,0
DA:321,0
DA:323,0
DA:328,0
DA:329,0
DA:330,0
DA:331,0
DA:343,0
DA:344,0
DA:345,0
DA:346,0
DA:348,0
DA:350,0
DA:351,0
DA:352,0
DA:353,0
DA:354,0
DA:356,0
DA:360,0
DA:361,0
DA:362,0
DA:366,0
DA:367,0
DA:368,0
DA:369,0
DA:370,0
DA:371,0
DA:372,0
DA:373,0
DA:374,0
DA:375,0
DA:376,0
DA:377,0
DA:378,0
DA:379,0
DA:380,0
DA:381,0
DA:382,0
DA:383,0
DA:385,0
DA:386,0
DA:388,0
DA:389,0
DA:390,0
DA:392,0
DA:393,0
DA:394,0
DA:395,0
DA:396,0
DA:397,0
DA:398,0
DA:399,0
DA:400,0
DA:402,0
DA:406,0
DA:407,0
DA:408,0
DA:410,0
DA:411,0
DA:413,0
DA:421,0
DA:422,0
DA:423,0
DA:424,0
DA:440,0
DA:441,0
DA:444,0
DA:445,0
DA:446,0
DA:447,0
DA:448,0
DA:449,0
DA:450,0
DA:451,0
DA:452,0
DA:453,0
DA:455,0
DA:456,0
DA:457,0
DA:458,0
DA:459,0
DA:460,0
DA:462,0
DA:463,0
DA:467,0
DA:471,0
DA:479,0
DA:480,0
DA:481,0
DA:484,0
DA:485,0
DA:486,0
DA:488,0
DA:489,0
DA:495,0
DA:501,0
DA:503,0
DA:505,0
DA:506,0
DA:507,0
DA:508,0
LF:207
LH:0
end_of_record
SF:lib\src\widgets\MGD.dart
DA:78,0
DA:96,0
DA:97,0
DA:106,0
DA:108,0
DA:109,0
DA:110,0
DA:111,0
DA:119,0
DA:120,0
DA:121,0
DA:122,0
DA:123,0
DA:124,0
DA:125,0
DA:136,0
DA:140,0
DA:154,0
DA:155,0
DA:156,0
DA:157,0
DA:158,0
DA:159,0
DA:160,0
DA:161,0
DA:166,0
DA:167,0
DA:172,0
DA:173,0
DA:174,0
DA:175,0
DA:176,0
DA:177,0
DA:194,0
DA:195,0
DA:196,0
DA:197,0
DA:200,0
DA:201,0
DA:202,0
DA:203,0
DA:206,0
DA:207,0
DA:208,0
DA:209,0
DA:212,0
DA:214,0
DA:215,0
DA:218,0
DA:219,0
DA:220,0
DA:221,0
DA:225,0
DA:226,0
DA:227,0
DA:228,0
DA:231,0
DA:232,0
DA:235,0
DA:236,0
DA:237,0
DA:245,0
DA:248,0
DA:249,0
DA:250,0
DA:258,0
DA:261,0
DA:262,0
DA:263,0
DA:264,0
DA:265,0
DA:275,0
DA:285,0
DA:290,0
DA:291,0
DA:292,0
DA:308,0
DA:310,0
DA:312,0
LF:79
LH:0
end_of_record
