SF:lib\src\widgets\app_bar_tale.dart
DA:10,4
DA:16,4
DA:18,4
DA:20,4
DA:22,4
DA:23,4
DA:27,8
DA:28,4
DA:64,4
DA:65,1
DA:66,2
DA:71,0
DA:92,4
LF:13
LH:12
end_of_record
SF:lib\src\pages\create_image_page.dart
DA:21,0
DA:22,0
DA:35,0
DA:36,0
DA:40,0
DA:41,0
DA:42,0
DA:44,0
DA:45,0
DA:46,0
DA:47,0
DA:49,0
DA:50,0
DA:51,0
DA:52,0
DA:53,0
DA:54,0
DA:55,0
DA:57,0
DA:62,0
DA:64,0
DA:65,0
DA:66,0
DA:68,0
DA:71,0
DA:73,0
DA:76,0
DA:78,0
DA:79,0
DA:80,0
DA:92,0
DA:93,0
DA:94,0
DA:100,0
DA:101,0
DA:108,0
DA:113,0
DA:114,0
DA:115,0
DA:120,0
DA:121,0
DA:122,0
DA:123,0
DA:124,0
DA:127,0
DA:128,0
DA:129,0
DA:136,0
DA:139,0
DA:142,0
DA:144,0
DA:147,0
DA:150,0
DA:151,0
DA:158,0
DA:167,0
DA:168,0
DA:169,0
DA:170,0
DA:171,0
LF:60
LH:0
end_of_record
SF:lib\src\pages\create_text_page.dart
DA:22,0
DA:23,0
DA:60,0
DA:61,0
DA:63,0
DA:64,0
DA:66,0
DA:67,0
DA:70,0
DA:71,0
DA:75,0
DA:76,0
DA:78,0
DA:80,0
DA:81,0
DA:82,0
DA:83,0
DA:84,0
DA:85,0
DA:86,0
DA:87,0
DA:88,0
DA:89,0
DA:90,0
DA:92,0
DA:93,0
DA:94,0
DA:95,0
DA:96,0
DA:97,0
DA:99,0
DA:104,0
DA:105,0
DA:106,0
DA:107,0
DA:108,0
DA:110,0
DA:111,0
DA:112,0
DA:113,0
DA:114,0
DA:116,0
DA:118,0
DA:126,0
DA:127,0
DA:128,0
DA:129,0
DA:139,0
DA:141,0
DA:142,0
DA:143,0
DA:145,0
DA:146,0
DA:147,0
DA:149,0
DA:150,0
DA:151,0
DA:153,0
DA:154,0
DA:155,0
DA:157,0
DA:160,0
DA:162,0
DA:163,0
DA:164,0
DA:165,0
DA:166,0
DA:170,0
DA:172,0
DA:173,0
DA:174,0
DA:186,0
DA:187,0
DA:188,0
DA:194,0
DA:195,0
DA:202,0
DA:207,0
DA:208,0
DA:209,0
DA:214,0
DA:215,0
DA:216,0
DA:217,0
DA:218,0
DA:221,0
DA:222,0
DA:223,0
DA:230,0
DA:233,0
DA:236,0
DA:237,0
DA:238,0
DA:245,0
DA:248,0
DA:251,0
DA:252,0
DA:253,0
DA:260,0
DA:261,0
DA:269,0
DA:272,0
DA:273,0
DA:274,0
DA:281,0
DA:282,0
DA:290,0
DA:293,0
DA:294,0
DA:295,0
DA:297,0
DA:298,0
DA:302,0
DA:305,0
DA:306,0
DA:307,0
DA:309,0
DA:310,0
DA:314,0
DA:317,0
DA:318,0
DA:319,0
DA:321,0
DA:322,0
DA:326,0
DA:329,0
DA:330,0
DA:333,0
DA:335,0
DA:340,0
DA:341,0
DA:344,0
DA:347,0
DA:349,0
DA:353,0
DA:357,0
DA:360,0
DA:361,0
DA:362,0
DA:363,0
DA:364,0
DA:385,0
DA:388,0
DA:389,0
DA:396,0
DA:405,0
DA:406,0
DA:407,0
DA:408,0
DA:409,0
LF:150
LH:0
end_of_record
SF:lib\src\pages\create_video_page.dart
DA:23,0
DA:24,0
DA:38,0
DA:39,0
DA:43,0
DA:44,0
DA:46,0
DA:48,0
DA:49,0
DA:50,0
DA:51,0
DA:53,0
DA:54,0
DA:55,0
DA:56,0
DA:57,0
DA:58,0
DA:59,0
DA:60,0
DA:63,0
DA:68,0
DA:70,0
DA:71,0
DA:72,0
DA:74,0
DA:77,0
DA:79,0
DA:82,0
DA:84,0
DA:85,0
DA:86,0
DA:95,0
DA:98,0
DA:99,0
DA:100,0
DA:106,0
DA:107,0
DA:114,0
DA:119,0
DA:120,0
DA:121,0
DA:126,0
DA:127,0
DA:128,0
DA:129,0
DA:130,0
DA:133,0
DA:134,0
DA:135,0
DA:142,0
DA:145,0
DA:148,0
DA:150,0
DA:153,0
DA:156,0
DA:157,0
DA:164,0
DA:173,0
DA:174,0
DA:175,0
DA:176,0
DA:177,0
LF:62
LH:0
end_of_record
SF:lib\src\widgets\button_slider.dart
DA:13,1
DA:15,1
DA:16,1
DA:26,0
DA:39,0
DA:52,0
DA:64,1
DA:66,1
DA:67,1
DA:68,2
DA:69,3
DA:70,2
DA:73,1
DA:75,2
DA:76,1
DA:79,1
DA:81,1
DA:82,1
DA:83,1
DA:84,1
DA:86,1
DA:88,1
DA:90,1
DA:93,1
DA:100,1
DA:102,0
DA:103,0
DA:104,0
DA:106,0
DA:107,0
DA:117,1
DA:121,1
DA:122,1
DA:123,3
DA:134,1
DA:135,1
DA:138,1
DA:139,1
DA:142,2
DA:143,1
DA:146,1
DA:147,1
DA:148,1
DA:149,1
DA:152,1
DA:170,1
LF:46
LH:38
end_of_record
SF:lib\src\constants\error_messages.dart
DA:25,1
DA:26,2
LF:2
LH:2
end_of_record
SF:lib\src\models\user_model.dart
DA:13,3
DA:26,1
DA:27,1
DA:28,1
DA:29,1
DA:30,1
DA:31,1
DA:32,1
DA:33,1
DA:34,1
DA:35,1
DA:37,1
DA:38,2
DA:53,1
DA:54,1
DA:55,1
DA:56,1
DA:57,1
DA:58,1
DA:59,1
DA:60,1
DA:61,1
DA:62,1
DA:63,1
DA:64,1
LF:25
LH:25
end_of_record
SF:lib\src\controllers\media_controller.dart
DA:10,1
DA:11,2
DA:14,1
DA:16,2
DA:22,1
DA:23,2
DA:26,1
DA:28,2
LF:8
LH:8
end_of_record
SF:lib\src\models\card_model.dart
DA:27,1
DA:47,1
DA:48,1
DA:51,1
DA:52,1
DA:55,1
DA:56,1
DA:57,1
DA:58,1
DA:59,2
DA:60,2
DA:61,1
DA:62,2
DA:70,1
DA:71,1
DA:75,1
DA:76,1
DA:77,1
DA:78,1
DA:79,2
DA:80,2
DA:83,1
DA:84,2
DA:85,2
DA:86,2
DA:87,2
DA:88,2
DA:89,1
DA:90,1
DA:91,1
LF:30
LH:30
end_of_record
SF:lib\src\utils\text_utils.dart
DA:5,2
DA:6,4
DA:9,1
DA:10,2
DA:13,1
DA:14,1
DA:15,1
DA:17,1
DA:24,1
DA:25,1
DA:26,1
DA:28,1
DA:30,1
DA:32,1
DA:34,1
DA:41,2
DA:43,2
DA:45,2
DA:47,2
DA:49,2
DA:51,2
DA:58,1
DA:59,1
DA:60,1
DA:62,1
DA:64,1
DA:66,1
DA:73,2
DA:75,2
DA:77,2
DA:79,1
DA:81,1
LF:32
LH:32
end_of_record
SF:lib\src\utils\matrix_utils.dart
LF:0
LH:0
end_of_record
SF:lib\src\models\tale_model.dart
DA:9,8
DA:18,2
DA:19,2
DA:20,2
DA:21,2
DA:22,2
DA:23,2
DA:24,2
DA:25,2
LF:9
LH:9
end_of_record
SF:lib\src\screen\set_photo_screen.dart
DA:20,2
DA:30,2
DA:31,2
DA:40,2
DA:42,4
DA:43,6
DA:55,2
DA:58,2
DA:60,4
DA:61,2
DA:63,2
DA:66,0
DA:68,0
DA:70,0
DA:71,0
DA:72,0
DA:73,0
DA:74,0
DA:75,0
DA:77,0
DA:78,0
DA:79,0
DA:83,0
DA:85,0
DA:87,0
DA:88,0
DA:89,0
DA:90,0
DA:91,0
DA:92,0
DA:93,0
DA:95,0
DA:97,0
DA:98,0
DA:99,0
DA:103,0
DA:105,0
DA:107,0
DA:110,1
DA:111,1
DA:114,2
DA:119,1
DA:120,1
DA:122,1
DA:123,1
DA:130,1
DA:131,1
DA:134,2
DA:139,1
DA:140,1
DA:142,1
DA:143,1
DA:150,2
DA:152,2
DA:153,2
DA:154,2
DA:155,2
DA:157,2
DA:160,2
DA:161,2
DA:162,2
DA:164,0
DA:171,2
DA:172,4
DA:174,0
DA:175,2
DA:178,2
DA:180,2
DA:181,2
DA:183,4
DA:184,2
DA:185,2
DA:186,2
DA:188,4
DA:195,0
DA:196,0
DA:198,0
DA:199,0
DA:201,0
DA:206,2
DA:207,2
DA:213,0
DA:214,0
DA:217,0
DA:218,0
DA:221,0
DA:222,0
DA:223,0
DA:224,0
DA:225,0
DA:227,0
DA:241,2
DA:244,2
DA:245,2
DA:251,3
DA:252,1
DA:253,1
DA:256,4
LF:98
LH:54
end_of_record
SF:lib\src\services\card_service.dart
DA:28,0
DA:30,0
DA:33,0
DA:36,0
DA:38,0
DA:39,0
DA:43,0
DA:44,0
DA:45,0
DA:48,0
DA:49,0
DA:52,0
DA:55,0
DA:60,0
DA:63,0
DA:65,0
DA:66,0
DA:70,0
DA:71,0
DA:72,0
DA:75,0
DA:76,0
DA:79,0
DA:82,0
DA:87,0
DA:90,0
DA:92,0
DA:93,0
DA:96,0
DA:97,0
DA:98,0
DA:101,0
DA:102,0
DA:104,0
DA:107,0
DA:112,0
DA:115,0
DA:117,0
DA:118,0
DA:119,0
DA:121,0
DA:122,0
DA:123,0
DA:125,0
DA:126,0
DA:127,0
DA:131,0
DA:132,0
DA:133,0
DA:138,0
DA:145,0
DA:150,0
DA:153,0
DA:158,0
DA:159,0
DA:161,0
DA:162,0
DA:163,0
DA:164,0
DA:166,0
DA:167,0
DA:170,0
DA:171,0
DA:172,0
DA:173,0
DA:174,0
DA:175,0
DA:176,0
DA:177,0
DA:178,0
DA:179,0
DA:181,0
DA:182,0
DA:187,0
DA:189,0
DA:190,0
DA:192,0
DA:193,0
DA:194,0
DA:195,0
DA:204,0
DA:205,0
DA:210,0
DA:217,0
DA:222,0
DA:224,0
DA:226,0
DA:228,0
DA:230,0
DA:231,0
DA:232,0
DA:233,0
DA:234,0
DA:235,0
DA:237,0
DA:238,0
DA:239,0
DA:242,0
DA:249,0
DA:254,0
DA:258,0
DA:260,0
DA:261,0
DA:262,0
DA:263,0
DA:264,0
DA:265,0
DA:266,0
DA:267,0
DA:270,0
DA:271,0
DA:273,0
DA:275,0
DA:277,0
DA:279,0
DA:281,0
DA:282,0
DA:290,0
DA:291,0
DA:293,0
DA:294,0
DA:295,0
DA:297,0
DA:299,0
DA:300,0
DA:303,0
DA:304,0
DA:306,0
DA:308,0
DA:309,0
DA:310,0
DA:311,0
DA:312,0
DA:313,0
DA:315,0
DA:323,0
DA:327,0
DA:329,0
DA:330,0
DA:331,0
DA:332,0
DA:333,0
DA:334,0
DA:338,0
DA:340,0
DA:341,0
DA:342,0
DA:343,0
DA:344,0
DA:345,0
DA:349,0
DA:350,0
DA:352,0
DA:353,0
DA:354,0
DA:355,0
DA:356,0
DA:357,0
LF:158
LH:0
end_of_record
SF:lib\src\utils\app_manager.dart
LF:0
LH:0
end_of_record
SF:lib\src\utils\validator.dart
DA:4,1
DA:5,1
DA:11,1
DA:12,1
DA:13,1
DA:18,1
DA:19,3
DA:21,1
DA:33,1
DA:34,1
DA:36,2
DA:37,1
DA:48,1
DA:49,2
DA:50,2
DA:51,2
DA:53,2
DA:55,3
DA:58,1
DA:59,1
DA:63,2
DA:69,1
DA:70,1
DA:74,1
DA:80,2
DA:81,2
DA:82,2
LF:27
LH:27
end_of_record
SF:lib\src\services\tale_service.dart
DA:21,0
DA:23,0
DA:26,0
DA:28,0
DA:29,0
DA:30,0
DA:33,0
DA:35,0
DA:36,0
DA:37,0
DA:38,0
DA:39,0
DA:42,0
DA:43,0
DA:44,0
DA:45,0
DA:46,0
DA:47,0
DA:51,0
DA:53,0
DA:56,0
DA:61,0
DA:65,0
DA:66,0
DA:67,0
DA:68,0
DA:69,0
DA:70,0
DA:71,0
DA:74,0
DA:75,0
DA:77,0
DA:79,0
DA:80,0
DA:81,0
DA:82,0
DA:83,0
DA:84,0
DA:85,0
DA:92,0
DA:97,0
DA:101,0
DA:102,0
DA:103,0
DA:104,0
DA:105,0
DA:106,0
DA:107,0
DA:108,0
DA:109,0
DA:110,0
DA:111,0
DA:112,0
DA:113,0
DA:116,0
DA:123,0
DA:128,0
DA:131,0
DA:132,0
DA:133,0
DA:134,0
DA:135,0
DA:136,0
DA:137,0
DA:138,0
DA:139,0
DA:140,0
DA:141,0
DA:142,0
DA:143,0
DA:144,0
DA:145,0
DA:146,0
DA:147,0
DA:148,0
DA:150,0
DA:152,0
DA:158,0
DA:163,0
DA:165,0
DA:167,0
DA:168,0
DA:169,0
DA:170,0
DA:171,0
DA:172,0
DA:173,0
DA:174,0
DA:179,0
DA:180,0
DA:181,0
DA:182,0
DA:183,0
DA:184,0
DA:185,0
DA:187,0
DA:188,0
DA:189,0
DA:190,0
DA:193,0
DA:199,0
DA:222,0
DA:224,0
DA:226,0
DA:227,0
DA:229,0
DA:230,0
DA:231,0
DA:232,0
DA:233,0
DA:234,0
DA:235,0
DA:238,0
DA:239,0
DA:240,0
DA:241,0
DA:249,0
DA:251,0
DA:253,0
DA:254,0
DA:256,0
DA:257,0
DA:258,0
DA:259,0
DA:260,0
DA:261,0
DA:263,0
DA:265,0
DA:266,0
DA:267,0
DA:268,0
DA:270,0
DA:271,0
DA:272,0
DA:274,0
DA:275,0
DA:276,0
DA:277,0
DA:280,0
DA:286,0
DA:290,0
DA:293,0
DA:294,0
DA:298,0
DA:300,0
DA:303,0
DA:304,0
DA:305,0
DA:307,0
DA:308,0
DA:309,0
DA:310,0
DA:322,0
DA:325,0
DA:326,0
DA:327,0
DA:328,0
DA:329,0
DA:330,0
DA:334,0
DA:336,0
DA:337,0
DA:338,0
DA:339,0
DA:340,0
DA:341,0
DA:342,0
DA:343,0
DA:344,0
DA:345,0
LF:170
LH:0
end_of_record
SF:lib\src\utils\device_info.dart
DA:9,10
DA:10,30
DA:11,20
DA:12,20
DA:13,20
DA:15,30
DA:21,20
LF:7
LH:7
end_of_record
SF:lib\src\widgets\button.dart
DA:21,9
DA:38,9
DA:40,36
DA:41,1
DA:42,3
DA:43,1
DA:44,1
DA:45,1
DA:48,1
DA:49,2
DA:52,1
DA:55,9
DA:56,9
DA:57,9
DA:58,9
DA:59,27
DA:60,9
DA:61,9
DA:62,9
DA:65,9
DA:66,18
DA:68,27
DA:70,9
DA:76,9
DA:77,9
DA:78,1
DA:81,1
DA:82,2
DA:87,9
DA:88,18
DA:89,9
DA:91,9
DA:92,9
DA:93,1
DA:94,1
DA:97,10
DA:98,9
DA:99,9
DA:100,9
DA:101,9
DA:102,9
DA:103,9
LF:42
LH:42
end_of_record
SF:lib\src\widgets\map.dart
DA:19,1
DA:25,1
DA:26,1
DA:38,1
DA:40,1
DA:41,1
DA:42,1
DA:44,1
DA:47,1
DA:49,1
DA:50,1
DA:51,1
DA:52,0
DA:56,1
DA:57,1
DA:58,3
DA:61,1
DA:63,1
DA:69,1
DA:70,1
DA:73,1
DA:74,1
DA:75,1
DA:76,1
DA:77,1
DA:78,1
DA:80,1
DA:81,1
DA:82,0
DA:85,0
DA:86,0
DA:97,1
DA:98,1
DA:99,1
DA:100,1
DA:103,1
DA:104,1
DA:105,1
DA:106,1
DA:108,1
DA:109,1
DA:110,1
DA:111,1
DA:112,5
DA:113,1
DA:114,3
DA:117,3
DA:125,3
DA:126,2
DA:127,0
DA:140,1
DA:141,2
DA:142,0
DA:143,1
DA:150,0
DA:151,0
DA:153,0
DA:156,1
DA:163,0
DA:168,0
DA:169,0
DA:170,0
DA:171,0
DA:172,0
DA:176,1
DA:177,2
DA:178,1
DA:179,1
DA:181,0
DA:182,0
DA:183,0
DA:184,0
DA:185,0
DA:187,0
DA:188,0
DA:189,0
DA:191,0
DA:192,0
DA:203,0
DA:204,0
DA:205,0
DA:206,0
DA:207,0
DA:216,0
DA:217,0
DA:218,0
DA:220,0
DA:221,0
DA:232,0
DA:233,0
DA:234,0
DA:235,0
DA:236,0
DA:237,0
DA:244,1
DA:245,1
DA:246,0
DA:247,0
DA:251,1
DA:252,1
DA:253,2
DA:255,1
DA:257,1
DA:258,0
DA:259,0
DA:260,0
DA:261,0
DA:263,0
DA:266,0
DA:269,0
DA:270,0
DA:271,0
DA:272,0
DA:291,0
DA:293,0
DA:294,0
DA:295,0
DA:296,0
DA:297,0
DA:298,0
DA:304,0
LF:121
LH:60
end_of_record
SF:lib\src\widgets\text_field.dart
DA:43,5
DA:80,5
DA:82,5
DA:83,5
DA:184,5
DA:186,10
DA:188,5
DA:191,5
DA:192,5
DA:194,10
DA:195,10
DA:196,10
DA:198,10
DA:199,10
DA:200,10
DA:201,10
DA:202,10
DA:203,10
DA:204,10
DA:205,10
DA:206,10
DA:207,10
DA:208,5
DA:209,10
DA:215,10
DA:216,10
DA:217,15
DA:218,10
DA:219,15
DA:220,5
DA:221,10
DA:222,10
DA:229,10
DA:230,5
DA:231,15
DA:235,10
DA:246,5
DA:247,10
DA:250,5
DA:251,5
DA:252,5
DA:253,10
DA:257,5
DA:258,5
DA:259,5
DA:260,10
DA:264,5
DA:265,5
DA:266,5
DA:268,10
DA:273,10
DA:274,10
DA:275,10
DA:276,10
LF:54
LH:54
end_of_record
SF:lib\src\utils\password_strength_indicator.dart
DA:14,5
DA:24,5
DA:26,5
DA:27,5
DA:28,10
DA:31,6
DA:32,8
DA:33,6
DA:34,6
DA:36,6
DA:40,5
DA:42,5
DA:43,5
DA:45,5
DA:46,5
DA:47,5
DA:48,5
DA:49,5
DA:56,5
DA:57,5
DA:58,10
DA:60,5
DA:61,5
DA:62,5
DA:63,8
DA:64,1
DA:67,8
DA:70,5
LF:28
LH:28
end_of_record
SF:lib\src\widgets\dropdown_button.dart
DA:14,3
DA:25,3
DA:26,3
DA:30,3
DA:32,3
DA:34,3
DA:36,3
DA:37,3
DA:38,3
DA:39,6
DA:47,3
DA:48,3
DA:49,6
DA:58,6
DA:59,9
DA:61,3
DA:62,3
DA:63,3
DA:64,6
DA:72,3
DA:73,3
DA:85,3
DA:86,6
DA:88,2
DA:98,3
DA:99,6
DA:100,6
DA:103,3
DA:104,3
DA:105,3
DA:119,3
DA:120,6
DA:121,6
DA:122,3
DA:123,3
DA:125,3
DA:130,3
DA:132,3
DA:133,3
LF:39
LH:39
end_of_record
SF:lib\src\screen\select_photo_options_screen.dart
DA:7,1
DA:10,1
DA:12,1
DA:14,1
DA:17,1
DA:20,1
DA:21,1
DA:23,1
DA:27,1
DA:28,1
DA:36,2
DA:37,1
DA:38,3
DA:54,1
DA:55,3
LF:15
LH:15
end_of_record
SF:lib\src\widgets\re_usable_select_photo_button.dart
DA:10,3
DA:15,2
DA:17,2
DA:19,2
DA:20,2
DA:21,2
DA:27,2
DA:32,2
DA:35,2
DA:36,2
DA:37,2
DA:43,2
DA:44,2
LF:13
LH:13
end_of_record
SF:lib\src\services\auth_service.dart
DA:27,0
DA:29,0
DA:30,0
DA:34,0
DA:36,0
DA:37,0
DA:39,0
DA:40,0
DA:42,0
DA:43,0
DA:45,0
DA:46,0
DA:47,0
DA:49,0
DA:52,0
DA:53,0
DA:55,0
DA:57,0
DA:58,0
DA:59,0
DA:60,0
DA:61,0
DA:62,0
DA:63,0
DA:65,0
DA:68,0
DA:69,0
DA:74,0
DA:75,0
DA:76,0
DA:79,0
DA:80,0
DA:81,0
DA:84,0
DA:87,0
DA:88,0
DA:92,0
DA:94,0
DA:97,0
DA:102,0
DA:105,0
DA:107,0
DA:111,0
DA:114,0
DA:120,0
DA:125,0
DA:127,0
DA:138,0
DA:139,0
DA:140,0
DA:141,0
DA:142,0
DA:143,0
DA:144,0
DA:145,0
DA:146,0
DA:147,0
DA:148,0
DA:149,0
DA:152,0
DA:155,0
DA:160,0
DA:162,0
DA:163,0
DA:164,0
DA:165,0
DA:166,0
DA:167,0
DA:168,0
DA:169,0
DA:170,0
DA:171,0
DA:175,0
DA:177,0
DA:178,0
DA:179,0
DA:180,0
DA:181,0
DA:182,0
DA:183,0
DA:184,0
DA:185,0
DA:189,0
DA:191,0
DA:193,0
DA:197,0
DA:200,0
DA:202,0
DA:214,0
DA:215,0
DA:219,0
DA:222,0
DA:225,0
DA:226,0
DA:230,0
DA:231,0
DA:232,0
DA:235,0
DA:236,0
DA:239,0
DA:244,0
DA:248,0
DA:249,0
DA:264,0
DA:266,0
DA:267,0
DA:268,0
DA:269,0
DA:271,0
DA:272,0
DA:276,0
DA:277,0
DA:278,0
DA:279,0
DA:280,0
DA:281,0
DA:284,0
DA:287,0
DA:293,0
DA:298,0
DA:301,0
DA:303,0
DA:305,0
DA:306,0
DA:308,0
DA:309,0
DA:314,0
DA:315,0
DA:319,0
DA:322,0
DA:323,0
DA:326,0
DA:328,0
DA:329,0
DA:330,0
DA:331,0
DA:332,0
DA:333,0
DA:334,0
DA:338,0
DA:342,0
DA:343,0
DA:344,0
DA:348,0
DA:350,0
DA:351,0
DA:352,0
DA:353,0
DA:355,0
DA:356,0
DA:358,0
DA:359,0
DA:362,0
DA:363,0
DA:364,0
DA:365,0
DA:366,0
DA:368,0
DA:372,0
LF:159
LH:0
end_of_record
SF:lib\src\utils\tuple.dart
DA:5,2
LF:1
LH:1
end_of_record
SF:lib\main.dart
DA:29,0
DA:31,0
DA:33,0
DA:36,0
DA:37,0
DA:39,0
DA:40,0
DA:41,0
DA:45,0
DA:47,0
DA:50,0
DA:51,0
DA:52,0
DA:53,0
DA:55,0
DA:56,0
DA:61,0
DA:66,0
DA:67,0
DA:70,0
DA:71,0
DA:72,0
DA:73,0
DA:74,0
DA:75,0
DA:76,0
DA:77,0
DA:78,0
DA:79,0
DA:80,0
DA:83,0
DA:84,0
DA:85,0
DA:86,0
DA:87,0
LF:35
LH:0
end_of_record
SF:lib\src\widgets\change_password.dart
DA:21,16
DA:25,2
DA:26,2
DA:48,0
DA:49,0
DA:51,0
DA:52,0
DA:53,0
DA:54,0
DA:55,0
DA:58,0
DA:59,0
DA:60,0
DA:61,0
DA:62,0
DA:66,0
DA:67,0
DA:68,0
DA:72,0
DA:73,0
DA:74,0
DA:78,2
DA:80,2
DA:82,4
DA:83,2
DA:84,0
DA:86,6
DA:89,2
DA:91,4
DA:92,4
DA:93,2
DA:96,0
DA:97,0
DA:101,0
DA:103,0
DA:105,0
DA:110,2
DA:112,2
DA:113,2
DA:114,2
DA:115,2
DA:127,2
DA:128,2
DA:132,2
DA:135,2
DA:136,2
DA:143,0
DA:144,2
DA:151,0
DA:156,2
DA:157,2
DA:158,2
DA:159,2
DA:160,2
DA:161,2
DA:162,2
DA:165,2
DA:167,2
DA:170,2
DA:175,2
DA:176,2
DA:177,2
DA:180,4
DA:184,2
DA:187,2
DA:189,2
DA:192,2
DA:197,2
DA:198,2
DA:199,2
DA:202,0
DA:203,0
DA:207,2
DA:209,2
DA:211,2
DA:214,2
DA:222,2
DA:224,2
DA:225,2
DA:226,2
DA:227,2
DA:228,2
LF:82
LH:54
end_of_record
SF:lib\firebase_options.dart
DA:18,0
DA:22,0
DA:23,0
DA:25,0
DA:27,0
DA:29,0
DA:30,0
DA:34,0
DA:35,0
DA:40,0
LF:10
LH:0
end_of_record
SF:lib\src\controllers\auth_controller.dart
LF:0
LH:0
end_of_record
SF:lib\src\pages\create_tale_page.dart
DA:28,17
DA:30,1
DA:31,1
DA:50,0
DA:51,0
DA:55,0
DA:57,0
DA:58,0
DA:59,0
DA:60,0
DA:61,0
DA:65,0
DA:66,0
DA:68,0
DA:69,0
DA:70,0
DA:71,0
DA:72,0
DA:73,0
DA:74,0
DA:75,0
DA:76,0
DA:77,0
DA:80,0
DA:81,0
DA:82,0
DA:83,0
DA:84,0
DA:85,0
DA:86,0
DA:87,0
DA:91,0
DA:96,0
DA:97,0
DA:98,0
DA:99,0
DA:100,0
DA:101,0
DA:102,0
DA:104,0
DA:105,0
DA:106,0
DA:114,0
DA:119,0
DA:120,0
DA:121,0
DA:122,0
DA:123,0
DA:124,0
DA:125,0
DA:126,0
DA:130,0
DA:135,0
DA:136,0
DA:137,0
DA:138,0
DA:139,0
DA:140,0
DA:141,0
DA:142,0
DA:143,0
DA:144,0
DA:145,0
DA:146,0
DA:147,0
DA:148,0
DA:152,0
DA:153,0
DA:154,0
DA:155,0
DA:156,0
DA:157,0
DA:159,0
DA:160,0
DA:169,0
DA:198,0
DA:200,0
DA:201,0
DA:202,0
DA:204,0
DA:205,0
DA:206,0
DA:208,0
DA:209,0
DA:211,0
DA:212,0
DA:214,0
DA:215,0
DA:216,0
DA:217,0
DA:220,0
DA:222,0
DA:223,0
DA:224,0
DA:227,0
DA:229,0
DA:230,0
DA:231,0
DA:232,0
DA:234,0
DA:239,0
DA:240,0
DA:241,0
DA:242,0
DA:244,0
DA:246,0
DA:247,0
DA:248,0
DA:250,0
DA:254,0
DA:256,0
DA:258,0
DA:259,0
DA:265,0
DA:268,0
DA:271,0
DA:278,0
DA:285,0
DA:287,0
DA:290,0
DA:291,0
DA:294,0
DA:299,0
DA:306,0
DA:308,0
DA:316,0
DA:318,0
DA:319,0
DA:331,0
DA:332,0
DA:333,0
DA:334,0
DA:335,0
DA:337,0
DA:339,0
DA:340,0
DA:341,0
DA:342,0
DA:343,0
DA:344,0
DA:345,0
DA:346,0
DA:347,0
DA:351,0
LF:144
LH:3
end_of_record
SF:lib\src\pages\favorite_tales.dart
DA:14,0
DA:15,0
DA:27,0
DA:29,0
DA:30,0
DA:31,0
DA:33,0
DA:34,0
DA:37,0
DA:39,0
DA:40,0
DA:41,0
DA:52,0
DA:53,0
DA:54,0
DA:55,0
DA:56,0
DA:59,0
DA:60,0
DA:62,0
DA:63,0
DA:64,0
DA:65,0
DA:67,0
DA:76,0
DA:79,0
DA:85,0
DA:86,0
DA:87,0
DA:88,0
DA:90,0
DA:91,0
DA:92,0
DA:94,0
DA:95,0
DA:96,0
DA:97,0
DA:98,0
DA:99,0
DA:100,0
DA:101,0
DA:102,0
DA:106,0
DA:108,0
DA:109,0
DA:110,0
DA:111,0
DA:112,0
DA:113,0
DA:114,0
DA:116,0
DA:122,0
DA:123,0
DA:124,0
DA:125,0
DA:126,0
DA:127,0
DA:128,0
DA:129,0
DA:131,0
DA:138,0
DA:139,0
DA:140,0
DA:141,0
DA:142,0
DA:146,0
DA:150,0
DA:155,0
DA:156,0
DA:158,0
LF:70
LH:0
end_of_record
SF:lib\src\pages\Login.dart
DA:15,0
DA:16,0
DA:35,0
DA:37,0
DA:38,0
DA:42,0
DA:43,0
DA:44,0
DA:46,0
DA:47,0
DA:52,0
DA:53,0
DA:54,0
DA:56,0
DA:61,0
DA:62,0
DA:64,0
DA:65,0
DA:66,0
DA:67,0
DA:68,0
DA:71,0
DA:72,0
DA:73,0
DA:74,0
DA:75,0
DA:79,0
DA:80,0
DA:81,0
DA:85,0
DA:87,0
DA:88,0
DA:89,0
DA:91,0
DA:92,0
DA:93,0
DA:94,0
DA:96,0
DA:99,0
DA:101,0
DA:102,0
DA:103,0
DA:106,0
DA:108,0
DA:109,0
DA:110,0
DA:112,0
DA:113,0
DA:115,0
DA:116,0
DA:117,0
DA:118,0
DA:120,0
DA:121,0
DA:123,0
DA:127,0
DA:128,0
DA:131,0
DA:133,0
DA:136,0
DA:139,0
DA:145,0
DA:148,0
DA:150,0
DA:153,0
DA:160,0
DA:164,0
DA:165,0
DA:168,0
DA:170,0
DA:173,0
DA:175,0
DA:178,0
DA:186,0
DA:187,0
DA:188,0
DA:189,0
DA:190,0
DA:192,0
DA:193,0
DA:197,0
DA:198,0
DA:199,0
DA:206,0
DA:208,0
DA:217,0
DA:218,0
DA:219,0
DA:220,0
DA:221,0
DA:222,0
DA:223,0
DA:226,0
DA:229,0
DA:236,0
DA:238,0
DA:241,0
DA:244,0
DA:249,0
DA:250,0
DA:251,0
DA:254,0
DA:256,0
DA:259,0
DA:261,0
DA:262,0
DA:266,0
DA:271,0
DA:272,0
DA:273,0
DA:274,0
DA:275,0
DA:276,0
DA:295,0
DA:296,0
DA:297,0
DA:298,0
DA:299,0
DA:303,0
DA:304,0
DA:305,0
DA:307,0
DA:309,0
DA:310,0
DA:311,0
DA:313,0
DA:320,0
DA:322,0
DA:324,0
DA:338,0
DA:339,0
DA:340,0
DA:341,0
DA:342,0
DA:345,0
DA:346,0
DA:349,0
DA:351,0
DA:352,0
DA:359,0
DA:370,0
DA:371,0
DA:372,0
DA:373,0
DA:374,0
DA:377,0
LF:146
LH:0
end_of_record
SF:lib\src\pages\profile.dart
DA:28,2
DA:29,2
DA:69,0
DA:70,0
DA:72,0
DA:75,0
DA:76,0
DA:77,0
DA:78,0
DA:79,0
DA:80,0
DA:81,0
DA:82,0
DA:83,0
DA:84,0
DA:87,0
DA:88,0
DA:91,0
DA:92,0
DA:93,0
DA:97,0
DA:102,0
DA:104,0
DA:105,0
DA:106,0
DA:107,0
DA:108,0
DA:112,0
DA:114,0
DA:115,0
DA:116,0
DA:117,0
DA:121,0
DA:122,0
DA:123,0
DA:124,0
DA:125,0
DA:131,0
DA:132,0
DA:134,0
DA:135,0
DA:136,0
DA:139,0
DA:140,0
DA:141,0
DA:142,0
DA:143,0
DA:148,2
DA:149,2
DA:152,2
DA:154,10
DA:155,8
DA:156,8
DA:157,8
DA:158,8
DA:159,8
DA:160,8
DA:161,8
DA:162,4
DA:163,2
DA:164,4
DA:166,2
DA:169,2
DA:171,4
DA:172,4
DA:173,4
DA:174,4
DA:175,4
DA:176,4
DA:177,4
DA:178,4
DA:179,2
DA:182,2
DA:184,4
DA:185,4
DA:186,6
DA:187,2
DA:196,2
DA:201,6
DA:202,2
DA:203,2
DA:204,1
DA:207,2
DA:208,2
DA:209,2
DA:210,2
DA:211,2
DA:223,2
DA:225,2
DA:226,2
DA:229,2
DA:234,2
DA:236,0
DA:237,0
DA:239,0
DA:240,0
DA:241,0
DA:242,0
DA:244,0
DA:245,0
DA:246,0
DA:247,0
DA:248,0
DA:250,0
DA:252,0
DA:253,0
DA:254,0
DA:255,0
DA:256,0
DA:257,0
DA:258,0
DA:259,0
DA:260,0
DA:261,0
DA:264,0
DA:266,0
DA:267,0
DA:268,0
DA:269,0
DA:270,0
DA:274,0
DA:278,0
DA:279,0
DA:280,0
DA:281,0
DA:286,2
DA:287,2
DA:300,1
DA:304,5
DA:305,1
DA:307,1
DA:308,1
DA:313,1
DA:314,2
DA:315,1
DA:318,3
DA:319,3
DA:320,3
DA:321,3
DA:322,3
DA:324,1
DA:325,3
DA:326,3
DA:327,2
DA:328,0
DA:329,0
DA:331,1
DA:334,1
DA:335,1
DA:338,1
DA:343,1
DA:344,2
DA:345,1
DA:346,1
DA:348,1
DA:349,1
DA:356,2
DA:359,1
DA:360,1
DA:362,1
DA:363,1
DA:370,2
DA:373,1
DA:374,1
DA:377,1
DA:378,1
DA:387,1
DA:388,1
DA:391,1
DA:393,1
DA:394,0
DA:396,0
DA:397,0
DA:402,2
DA:405,1
DA:406,1
DA:410,1
DA:417,2
DA:420,1
DA:422,1
DA:423,1
DA:424,1
DA:426,1
DA:428,1
DA:431,1
DA:432,1
DA:434,1
DA:435,1
DA:442,2
DA:445,1
DA:446,1
DA:448,1
DA:457,0
DA:458,0
DA:460,0
DA:464,2
DA:465,1
DA:467,1
DA:476,1
DA:477,1
DA:479,1
DA:480,1
DA:481,1
DA:482,1
DA:484,1
DA:485,1
DA:486,0
DA:487,0
DA:489,0
DA:491,1
DA:492,1
DA:493,2
DA:496,1
DA:497,1
DA:502,1
DA:505,1
DA:506,1
DA:507,1
DA:509,1
DA:510,1
DA:511,1
DA:515,0
DA:516,0
DA:520,1
DA:521,1
DA:523,1
DA:524,1
DA:525,1
DA:529,0
DA:530,0
DA:532,0
DA:543,1
DA:545,0
DA:547,1
DA:552,1
DA:556,1
DA:557,1
DA:558,1
DA:562,1
DA:563,1
DA:564,2
DA:565,2
DA:566,3
DA:567,3
DA:568,3
DA:569,3
DA:570,3
DA:572,1
DA:573,3
DA:574,3
DA:575,2
DA:576,0
DA:577,0
DA:579,1
DA:582,2
DA:583,1
DA:585,1
DA:587,1
DA:590,2
DA:594,1
DA:596,1
DA:597,1
DA:598,1
DA:600,1
DA:603,1
DA:604,2
DA:612,1
DA:614,0
DA:616,1
DA:621,1
DA:622,1
DA:625,1
DA:626,1
DA:627,1
DA:628,1
DA:629,1
DA:631,1
DA:632,1
DA:633,1
DA:635,1
DA:636,1
DA:638,1
DA:639,1
DA:646,2
DA:651,1
DA:652,1
DA:654,1
DA:655,1
DA:657,1
DA:658,1
DA:665,2
DA:675,1
DA:677,1
DA:678,1
DA:679,1
DA:681,1
DA:682,1
DA:685,1
DA:686,1
DA:697,1
DA:698,1
DA:700,1
DA:701,1
DA:704,1
DA:706,1
DA:707,0
DA:709,0
DA:710,0
DA:715,2
DA:722,1
DA:724,1
DA:725,1
DA:726,1
DA:728,1
DA:729,1
DA:733,1
DA:740,2
DA:745,1
DA:746,1
DA:748,1
DA:750,1
DA:751,1
DA:752,1
DA:754,1
DA:756,1
DA:763,1
DA:765,1
DA:766,1
DA:767,1
DA:769,1
DA:770,1
DA:772,1
DA:773,1
DA:780,2
DA:785,1
DA:786,1
DA:788,1
DA:789,1
DA:791,1
DA:800,0
DA:801,0
DA:802,0
DA:803,0
DA:807,2
DA:808,1
DA:809,1
DA:810,1
DA:823,1
DA:826,1
DA:827,1
DA:829,1
DA:832,1
DA:834,1
DA:835,1
DA:836,1
DA:837,1
DA:841,1
DA:842,1
DA:843,0
DA:844,0
DA:847,0
DA:849,2
DA:850,2
DA:852,1
DA:855,2
DA:863,1
DA:866,1
DA:867,1
DA:868,1
DA:869,1
DA:870,1
DA:872,1
DA:873,1
DA:874,1
DA:878,0
DA:879,0
DA:885,1
DA:886,1
DA:887,1
DA:888,1
DA:890,1
DA:891,1
DA:892,1
DA:896,0
DA:897,0
DA:898,0
DA:899,0
DA:914,0
DA:918,0
DA:925,0
DA:926,0
DA:927,0
DA:929,0
DA:930,0
DA:931,0
DA:935,0
DA:940,0
DA:944,0
DA:945,0
DA:946,0
DA:948,0
DA:949,0
DA:950,0
DA:951,0
DA:952,0
DA:955,0
DA:956,0
DA:957,0
DA:963,0
DA:966,0
DA:967,0
DA:971,0
LF:412
LH:273
end_of_record
SF:lib\src\pages\register.dart
DA:14,1
DA:15,1
DA:38,0
DA:39,0
DA:43,0
DA:44,0
DA:45,0
DA:46,0
DA:47,0
DA:48,0
DA:49,0
DA:51,0
DA:52,0
DA:53,0
DA:54,0
DA:56,0
DA:61,1
DA:62,2
DA:64,1
DA:65,1
DA:66,1
DA:67,1
DA:68,1
DA:71,3
DA:72,3
DA:73,3
DA:74,3
DA:75,3
DA:79,0
DA:80,0
DA:81,0
DA:85,0
DA:86,0
DA:87,0
DA:91,0
DA:92,0
DA:94,0
DA:95,0
DA:96,0
DA:99,0
DA:100,0
DA:101,0
DA:104,0
DA:105,0
DA:108,1
DA:110,2
DA:111,2
DA:112,2
DA:114,2
DA:115,2
DA:116,2
DA:118,2
DA:119,2
DA:120,2
DA:122,2
DA:123,1
DA:124,0
DA:126,2
DA:127,2
DA:128,3
DA:129,2
DA:131,2
DA:132,2
DA:133,2
DA:135,1
DA:138,1
DA:140,2
DA:141,2
DA:142,2
DA:143,2
DA:144,2
DA:145,2
DA:146,1
DA:149,1
DA:151,1
DA:152,1
DA:153,1
DA:155,1
DA:157,1
DA:158,1
DA:159,1
DA:160,1
DA:162,1
DA:163,1
DA:164,1
DA:166,1
DA:169,2
DA:170,2
DA:176,2
DA:186,1
DA:187,1
DA:188,2
DA:189,1
DA:192,1
DA:193,1
DA:194,1
DA:195,1
DA:197,1
DA:207,1
DA:208,1
DA:209,2
DA:210,1
DA:211,1
DA:214,1
DA:217,1
DA:219,1
DA:222,1
DA:229,2
DA:233,1
DA:235,1
DA:238,1
DA:245,2
DA:249,1
DA:251,1
DA:254,1
DA:261,2
DA:265,1
DA:267,1
DA:270,1
DA:272,1
DA:273,0
DA:276,0
DA:281,2
DA:285,1
DA:287,1
DA:290,1
DA:295,1
DA:296,1
DA:297,1
DA:300,2
DA:304,1
DA:306,1
DA:309,1
DA:314,1
DA:315,1
DA:316,1
DA:319,0
DA:320,0
DA:324,1
DA:326,1
DA:329,1
DA:330,1
DA:333,1
DA:338,1
DA:340,1
DA:341,1
DA:342,1
DA:343,1
DA:344,1
DA:469,1
DA:470,1
DA:471,2
DA:472,1
DA:473,1
DA:475,1
DA:476,1
DA:479,1
DA:480,1
DA:487,1
DA:491,1
DA:492,0
DA:493,0
DA:495,1
DA:497,1
LF:164
LH:127
end_of_record
SF:lib\src\pages\my_tales.dart
DA:12,2
DA:13,2
DA:24,0
DA:26,0
DA:27,0
DA:29,0
DA:32,0
DA:34,0
DA:37,0
DA:39,0
DA:40,0
DA:41,0
DA:52,0
DA:53,0
DA:56,0
DA:57,0
DA:58,0
DA:61,0
DA:74,0
DA:75,0
DA:76,0
DA:77,0
DA:79,0
DA:80,0
DA:81,0
DA:83,0
DA:84,0
DA:85,0
DA:86,0
DA:87,0
DA:88,0
DA:89,0
DA:91,0
DA:92,0
DA:96,0
DA:98,0
DA:99,0
DA:100,0
DA:101,0
DA:102,0
DA:103,0
DA:104,0
DA:106,0
DA:112,0
DA:113,0
DA:114,0
DA:115,0
DA:116,0
DA:117,0
DA:118,0
DA:119,0
DA:121,0
DA:127,0
DA:129,0
DA:131,0
DA:190,0
DA:191,0
DA:192,0
DA:193,0
DA:194,0
DA:195,0
DA:196,0
DA:198,0
DA:199,0
LF:64
LH:2
end_of_record
SF:lib\src\pages\tale.dart
DA:21,1
DA:23,1
DA:24,1
DA:41,0
DA:42,0
DA:43,0
DA:44,0
DA:48,0
DA:50,0
DA:51,0
DA:54,0
DA:56,0
DA:96,0
DA:97,0
DA:105,0
DA:107,0
DA:108,0
DA:110,0
DA:111,0
DA:113,0
DA:118,0
DA:119,0
DA:120,0
DA:121,0
DA:122,0
DA:124,0
DA:125,0
DA:126,0
DA:127,0
DA:128,0
DA:130,0
DA:131,0
DA:132,0
DA:136,0
DA:137,0
DA:138,0
DA:139,0
DA:140,0
DA:143,0
DA:144,0
DA:145,0
DA:146,0
DA:147,0
DA:148,0
DA:162,0
DA:163,0
DA:164,0
DA:165,0
DA:166,0
DA:174,0
DA:175,0
DA:177,0
DA:178,0
DA:179,0
DA:180,0
DA:181,0
DA:183,0
DA:186,0
DA:214,0
DA:215,0
DA:216,0
DA:217,0
DA:223,0
DA:225,0
DA:227,0
DA:243,0
DA:244,0
DA:245,0
DA:246,0
DA:249,0
DA:250,0
DA:251,0
DA:252,0
DA:253,0
DA:254,0
DA:255,0
DA:256,0
DA:257,0
DA:258,0
DA:259,0
DA:260,0
DA:266,0
DA:267,0
DA:271,0
DA:273,0
DA:275,0
DA:276,0
DA:278,0
DA:280,0
DA:281,0
DA:284,0
DA:285,0
DA:286,0
DA:287,0
DA:288,0
DA:290,0
DA:292,0
DA:295,0
DA:298,0
DA:299,0
DA:300,0
DA:301,0
DA:302,0
DA:304,0
DA:306,0
DA:317,0
DA:318,0
DA:319,0
DA:321,0
DA:323,0
DA:324,0
DA:325,0
DA:326,0
DA:328,0
DA:330,0
DA:331,0
DA:333,0
DA:350,0
DA:351,0
DA:353,0
DA:355,0
DA:356,0
DA:357,0
DA:358,0
DA:361,0
DA:362,0
DA:365,0
DA:366,0
DA:367,0
DA:368,0
DA:372,0
DA:373,0
DA:376,0
DA:377,0
DA:378,0
DA:380,0
DA:381,0
DA:382,0
DA:384,0
DA:395,0
DA:396,0
DA:397,0
DA:398,0
DA:399,0
DA:400,0
DA:401,0
DA:410,0
DA:411,0
DA:412,0
LF:149
LH:3
end_of_record
SF:lib\src\pages\home.dart
DA:7,2
DA:9,1
DA:11,1
DA:12,1
DA:13,1
DA:15,1
DA:17,1
DA:18,1
DA:20,1
DA:21,1
DA:23,1
DA:29,1
DA:30,1
DA:31,1
DA:32,1
DA:34,3
DA:35,1
DA:36,1
DA:37,1
DA:41,1
DA:43,0
DA:44,2
DA:49,1
DA:50,1
DA:51,1
DA:52,1
DA:53,1
DA:55,1
DA:56,1
DA:57,1
DA:58,1
DA:63,1
DA:64,1
DA:65,1
DA:73,1
DA:76,1
DA:79,1
DA:86,1
DA:90,1
DA:93,1
DA:100,1
DA:103,1
DA:106,1
DA:119,1
DA:120,1
DA:121,1
DA:122,1
DA:123,1
DA:125,1
DA:127,1
DA:130,1
DA:131,1
DA:132,1
DA:140,1
DA:143,1
DA:144,1
DA:146,1
DA:152,1
DA:154,1
DA:160,1
DA:162,1
DA:174,1
DA:175,1
DA:176,1
DA:177,1
DA:178,1
DA:180,1
DA:181,2
DA:182,1
DA:185,1
DA:186,1
DA:193,1
DA:194,1
DA:197,1
DA:198,1
DA:199,1
DA:200,1
DA:202,1
LF:78
LH:77
end_of_record
SF:lib\src\widgets\menu_bar_tale.dart
DA:16,3
DA:17,3
DA:18,3
DA:27,1
DA:28,3
DA:29,2
DA:33,3
DA:35,3
DA:36,3
DA:37,6
DA:38,6
DA:41,3
DA:43,6
DA:44,3
DA:47,3
DA:49,3
DA:50,3
DA:51,6
DA:52,3
DA:53,3
DA:54,3
DA:58,3
DA:59,12
DA:60,9
DA:61,2
DA:63,9
DA:64,1
DA:65,1
DA:66,1
DA:67,2
DA:68,2
DA:69,2
DA:70,1
DA:71,1
DA:75,1
DA:79,1
DA:84,1
DA:86,4
DA:95,2
DA:96,8
DA:102,3
DA:103,6
DA:104,3
DA:105,2
DA:108,4
DA:109,1
DA:112,3
DA:115,3
DA:120,6
DA:121,0
DA:122,0
DA:123,0
DA:125,3
DA:144,3
DA:145,3
DA:148,3
DA:149,3
DA:150,0
LF:58
LH:54
end_of_record
SF:lib\src\constants\memory_card_info.dart
DA:14,1
LF:1
LH:1
end_of_record
SF:lib\src\widgets\canvas_card.dart
DA:12,1
DA:19,1
DA:20,1
DA:24,1
DA:26,1
DA:27,1
DA:28,1
DA:29,1
DA:30,2
DA:31,1
DA:34,1
DA:37,1
DA:39,1
DA:41,1
DA:42,2
DA:45,1
DA:46,2
DA:47,2
DA:51,1
DA:54,1
DA:56,1
DA:57,2
LF:22
LH:22
end_of_record
SF:lib\src\widgets\tale_card.dart
DA:19,1
DA:26,1
DA:28,1
DA:29,1
DA:40,0
DA:49,0
DA:50,0
DA:53,0
DA:55,0
DA:57,0
DA:58,0
DA:61,0
DA:64,0
DA:65,0
DA:66,0
DA:68,0
DA:69,0
DA:72,0
DA:74,0
DA:75,0
DA:76,0
DA:78,0
DA:80,0
DA:82,0
DA:88,0
DA:89,0
DA:90,0
DA:91,0
DA:92,0
DA:93,0
DA:94,0
DA:95,0
DA:96,0
DA:98,0
DA:103,0
DA:104,0
DA:110,0
DA:111,0
DA:112,0
DA:113,0
DA:114,0
DA:115,0
DA:117,0
DA:118,0
DA:119,0
DA:120,0
DA:127,0
DA:128,0
DA:129,0
DA:130,0
DA:131,0
DA:132,0
DA:133,0
DA:134,0
DA:135,0
DA:141,0
DA:142,0
DA:147,0
DA:148,0
DA:149,0
DA:150,0
DA:151,0
DA:163,0
DA:164,0
DA:167,0
DA:168,0
DA:169,0
DA:172,0
DA:174,0
DA:175,0
DA:181,0
DA:182,0
DA:185,0
DA:186,0
LF:74
LH:4
end_of_record
SF:lib\src\widgets\delete_user_dialog.dart
DA:13,16
DA:15,0
DA:16,0
DA:23,0
DA:25,0
DA:27,0
DA:29,0
DA:30,0
DA:32,0
DA:37,0
DA:39,0
DA:42,0
DA:44,0
DA:47,0
DA:49,0
DA:63,0
DA:64,0
DA:71,0
DA:72,0
DA:79,0
LF:20
LH:1
end_of_record
SF:lib\src\widgets\dialog_popup.dart
DA:7,3
DA:9,3
DA:10,3
DA:12,2
DA:13,2
DA:14,2
DA:15,2
DA:24,12
DA:25,6
LF:9
LH:9
end_of_record
SF:lib\src\pages\reorder_page.dart
DA:23,0
DA:24,0
DA:35,0
DA:37,0
DA:38,0
DA:41,0
DA:43,0
DA:46,0
DA:48,0
DA:49,0
DA:50,0
DA:62,0
DA:63,0
DA:64,0
DA:69,0
DA:72,0
DA:77,0
DA:80,0
DA:82,0
DA:84,0
DA:85,0
DA:86,0
DA:87,0
DA:98,0
DA:102,0
DA:104,0
DA:105,0
DA:106,0
DA:107,0
DA:108,0
DA:110,0
DA:111,0
DA:114,0
DA:116,0
DA:117,0
DA:118,0
DA:119,0
DA:125,0
DA:126,0
DA:127,0
DA:128,0
DA:131,0
DA:132,0
DA:133,0
DA:139,0
DA:140,0
DA:141,0
DA:142,0
DA:143,0
DA:144,0
DA:145,0
DA:148,0
DA:155,0
DA:156,0
DA:157,0
DA:158,0
DA:159,0
DA:160,0
DA:161,0
DA:162,0
DA:164,0
DA:165,0
DA:169,0
DA:177,0
DA:178,0
DA:179,0
DA:180,0
DA:182,0
DA:183,0
DA:184,0
DA:187,0
DA:188,0
DA:189,0
DA:190,0
DA:191,0
DA:192,0
DA:201,0
DA:202,0
DA:205,0
DA:206,0
DA:208,0
DA:209,0
DA:210,0
DA:211,0
DA:212,0
DA:213,0
DA:214,0
DA:215,0
DA:216,0
DA:217,0
DA:223,0
DA:224,0
DA:225,0
DA:226,0
DA:227,0
DA:228,0
DA:229,0
DA:234,0
LF:98
LH:0
end_of_record
SF:lib\src\widgets\reset_position_dialog.dart
DA:21,0
DA:23,0
DA:24,0
DA:31,0
DA:32,0
DA:33,0
DA:34,0
DA:36,0
DA:41,0
DA:43,0
DA:46,0
DA:48,0
DA:51,0
DA:53,0
DA:65,0
DA:66,0
DA:74,0
DA:75,0
DA:83,0
LF:19
LH:0
end_of_record
SF:lib\src\widgets\delete_item_dialog.dart
DA:23,0
DA:25,0
DA:26,0
DA:34,0
DA:36,0
DA:37,0
DA:38,0
DA:41,0
DA:42,0
DA:43,0
DA:45,0
DA:46,0
DA:48,0
DA:53,0
DA:55,0
DA:58,0
DA:60,0
DA:63,0
DA:65,0
DA:67,0
DA:68,0
DA:72,0
DA:73,0
DA:77,0
DA:78,0
DA:85,0
DA:86,0
DA:93,0
LF:28
LH:0
end_of_record
SF:lib\src\pages\tale_info.dart
DA:27,1
DA:28,1
DA:44,0
DA:46,0
DA:47,0
DA:48,0
DA:49,0
DA:50,0
DA:51,0
DA:52,0
DA:53,0
DA:54,0
DA:55,0
DA:57,0
DA:65,0
DA:68,0
DA:71,0
DA:72,0
DA:73,0
DA:77,0
DA:79,0
DA:80,0
DA:81,0
DA:83,0
DA:84,0
DA:92,0
DA:93,0
DA:94,0
DA:95,0
DA:97,0
DA:98,0
DA:100,0
DA:102,0
DA:105,0
DA:107,0
DA:110,0
DA:117,0
DA:120,0
DA:121,0
DA:128,0
DA:131,0
DA:133,0
DA:134,0
DA:136,0
DA:137,0
DA:139,0
DA:140,0
DA:141,0
DA:142,0
DA:160,0
DA:163,0
DA:167,0
DA:170,0
DA:172,0
DA:175,0
DA:177,0
DA:178,0
DA:181,0
DA:189,0
DA:195,0
DA:198,0
DA:206,0
DA:217,0
DA:219,0
DA:226,0
DA:229,0
DA:230,0
DA:237,0
DA:240,0
DA:242,0
DA:243,0
DA:244,0
DA:245,0
DA:247,0
DA:248,0
DA:249,0
DA:250,0
DA:264,0
DA:267,0
DA:269,0
DA:272,0
DA:274,0
DA:275,0
DA:278,0
DA:286,0
DA:292,0
DA:295,0
DA:303,0
DA:421,0
DA:422,0
DA:423,0
DA:424,0
DA:425,0
DA:452,0
DA:453,0
DA:454,0
DA:455,0
DA:456,0
DA:457,0
DA:460,0
DA:461,0
DA:462,0
DA:466,0
DA:467,0
DA:468,0
DA:469,0
DA:471,0
DA:472,0
DA:473,0
DA:474,0
DA:476,0
DA:477,0
DA:478,0
DA:480,0
DA:481,0
DA:482,0
DA:483,0
DA:488,0
DA:489,0
DA:492,0
DA:499,0
DA:500,0
DA:501,0
DA:505,0
DA:506,0
DA:507,0
DA:508,0
DA:509,0
DA:511,0
LF:129
LH:2
end_of_record
SF:lib\src\widgets\tale_builder.dart
DA:25,0
DA:32,0
DA:33,0
DA:67,0
DA:69,0
DA:71,0
DA:72,0
DA:75,0
DA:76,0
DA:77,0
DA:106,0
DA:108,0
DA:109,0
DA:110,0
DA:114,0
DA:115,0
DA:116,0
DA:119,0
DA:121,0
DA:122,0
DA:123,0
DA:127,0
DA:128,0
DA:129,0
DA:130,0
DA:131,0
DA:133,0
DA:134,0
DA:135,0
DA:137,0
DA:139,0
DA:140,0
DA:141,0
DA:142,0
DA:143,0
DA:144,0
DA:145,0
DA:146,0
DA:147,0
DA:149,0
DA:150,0
DA:153,0
DA:154,0
DA:155,0
DA:156,0
DA:158,0
DA:159,0
DA:165,0
DA:167,0
DA:168,0
DA:169,0
DA:170,0
DA:171,0
DA:172,0
DA:173,0
DA:174,0
DA:175,0
DA:176,0
DA:177,0
DA:178,0
DA:179,0
DA:181,0
DA:183,0
DA:185,0
DA:186,0
DA:187,0
DA:188,0
DA:189,0
DA:190,0
DA:191,0
DA:192,0
DA:193,0
DA:195,0
DA:197,0
DA:199,0
DA:200,0
DA:201,0
DA:202,0
DA:203,0
DA:204,0
DA:205,0
DA:206,0
DA:207,0
DA:209,0
DA:211,0
DA:213,0
DA:214,0
DA:215,0
DA:216,0
DA:217,0
DA:218,0
DA:219,0
DA:220,0
DA:231,0
DA:233,0
DA:235,0
LF:96
LH:0
end_of_record
SF:lib\src\widgets\memory_card.dart
DA:49,0
DA:72,0
DA:73,0
DA:101,0
DA:105,0
DA:107,0
DA:108,0
DA:111,0
DA:113,0
DA:114,0
DA:119,0
DA:120,0
DA:123,0
DA:126,0
DA:128,0
DA:129,0
DA:131,0
DA:134,0
DA:136,0
DA:138,0
DA:160,0
DA:161,0
DA:162,0
DA:163,0
DA:164,0
DA:165,0
DA:166,0
DA:170,0
DA:172,0
DA:174,0
DA:175,0
DA:178,0
DA:181,0
DA:183,0
DA:184,0
DA:186,0
DA:187,0
DA:201,0
DA:202,0
DA:203,0
DA:204,0
DA:205,0
DA:206,0
DA:207,0
DA:210,0
DA:214,0
DA:215,0
DA:218,0
DA:222,0
DA:223,0
DA:226,0
DA:228,0
DA:230,0
DA:231,0
DA:232,0
DA:237,0
DA:238,0
DA:239,0
DA:240,0
DA:241,0
DA:250,0
DA:251,0
DA:252,0
DA:254,0
DA:255,0
DA:256,0
DA:257,0
DA:260,0
DA:262,0
DA:263,0
DA:264,0
DA:265,0
DA:266,0
DA:267,0
DA:268,0
DA:269,0
DA:270,0
DA:271,0
DA:272,0
DA:273,0
DA:274,0
DA:275,0
DA:285,0
DA:286,0
DA:292,0
DA:293,0
DA:294,0
DA:295,0
DA:296,0
DA:297,0
DA:298,0
DA:299,0
DA:300,0
DA:301,0
DA:302,0
DA:303,0
DA:304,0
DA:305,0
DA:306,0
DA:307,0
DA:308,0
DA:310,0
DA:312,0
DA:314,0
DA:315,0
DA:316,0
DA:317,0
DA:318,0
DA:319,0
DA:320,0
DA:321,0
DA:323,0
DA:325,0
DA:330,0
DA:331,0
DA:332,0
DA:333,0
DA:345,0
DA:346,0
DA:347,0
DA:348,0
DA:350,0
DA:352,0
DA:353,0
DA:354,0
DA:355,0
DA:356,0
DA:358,0
DA:362,0
DA:363,0
DA:364,0
DA:368,0
DA:369,0
DA:370,0
DA:371,0
DA:372,0
DA:373,0
DA:374,0
DA:375,0
DA:376,0
DA:377,0
DA:378,0
DA:379,0
DA:380,0
DA:381,0
DA:382,0
DA:383,0
DA:384,0
DA:385,0
DA:387,0
DA:388,0
DA:390,0
DA:391,0
DA:392,0
DA:394,0
DA:395,0
DA:396,0
DA:397,0
DA:398,0
DA:399,0
DA:400,0
DA:401,0
DA:402,0
DA:404,0
DA:408,0
DA:409,0
DA:410,0
DA:412,0
DA:413,0
DA:415,0
DA:423,0
DA:424,0
DA:425,0
DA:426,0
DA:442,0
DA:443,0
DA:446,0
DA:447,0
DA:448,0
DA:449,0
DA:450,0
DA:451,0
DA:452,0
DA:453,0
DA:454,0
DA:455,0
DA:457,0
DA:458,0
DA:459,0
DA:460,0
DA:461,0
DA:462,0
DA:464,0
DA:465,0
DA:469,0
DA:473,0
DA:481,0
DA:482,0
DA:483,0
DA:486,0
DA:487,0
DA:488,0
DA:490,0
DA:491,0
DA:497,0
DA:503,0
DA:505,0
DA:507,0
DA:508,0
DA:509,0
DA:510,0
LF:211
LH:0
end_of_record
SF:lib\src\widgets\MGD.dart
DA:78,0
DA:96,0
DA:97,0
DA:106,0
DA:108,0
DA:109,0
DA:110,0
DA:111,0
DA:119,0
DA:120,0
DA:121,0
DA:122,0
DA:123,0
DA:124,0
DA:125,0
DA:136,0
DA:140,0
DA:154,0
DA:155,0
DA:156,0
DA:157,0
DA:158,0
DA:159,0
DA:160,0
DA:161,0
DA:166,0
DA:167,0
DA:172,0
DA:173,0
DA:174,0
DA:175,0
DA:176,0
DA:177,0
DA:194,0
DA:195,0
DA:196,0
DA:197,0
DA:200,0
DA:201,0
DA:202,0
DA:203,0
DA:206,0
DA:207,0
DA:208,0
DA:209,0
DA:212,0
DA:214,0
DA:215,0
DA:218,0
DA:219,0
DA:220,0
DA:221,0
DA:225,0
DA:226,0
DA:227,0
DA:228,0
DA:231,0
DA:232,0
DA:235,0
DA:236,0
DA:237,0
DA:245,0
DA:248,0
DA:249,0
DA:250,0
DA:258,0
DA:261,0
DA:262,0
DA:263,0
DA:264,0
DA:265,0
DA:275,0
DA:285,0
DA:290,0
DA:291,0
DA:292,0
DA:308,0
DA:310,0
DA:312,0
LF:79
LH:0
end_of_record
SF:lib\src\pages\Login.dart
DA:15,1
DA:16,1
DA:35,0
DA:37,0
DA:38,0
DA:42,0
DA:43,0
DA:44,0
DA:46,0
DA:47,0
DA:52,0
DA:53,0
DA:54,0
DA:56,0
DA:61,1
DA:62,2
DA:64,1
DA:65,1
DA:66,1
DA:67,1
DA:68,1
DA:71,3
DA:72,3
DA:73,3
DA:74,3
DA:75,3
DA:79,0
DA:80,0
DA:81,0
DA:85,1
DA:87,2
DA:88,2
DA:89,2
DA:91,2
DA:92,2
DA:93,3
DA:94,2
DA:96,1
DA:99,1
DA:101,2
DA:102,2
DA:103,1
DA:106,1
DA:108,1
DA:109,1
DA:110,1
DA:112,3
DA:113,1
DA:115,1
DA:116,1
DA:117,1
DA:118,1
DA:120,1
DA:121,1
DA:123,1
DA:127,1
DA:128,1
DA:131,1
DA:133,1
DA:136,1
DA:139,1
DA:145,1
DA:148,1
DA:150,1
DA:153,1
DA:160,0
DA:164,0
DA:165,0
DA:168,0
DA:170,0
DA:173,0
DA:175,0
DA:178,0
DA:186,1
DA:187,1
DA:188,1
DA:189,1
DA:190,1
DA:192,1
DA:193,1
DA:197,1
DA:198,1
DA:199,1
DA:206,1
DA:208,1
DA:217,1
DA:218,1
DA:219,1
DA:220,1
DA:221,1
DA:222,1
DA:223,1
DA:226,1
DA:229,1
DA:236,2
DA:238,1
DA:241,1
DA:244,1
DA:249,1
DA:250,1
DA:251,1
DA:254,2
DA:256,1
DA:259,1
DA:261,1
DA:262,1
DA:266,1
DA:271,1
DA:272,1
DA:273,1
DA:274,1
DA:275,1
DA:276,1
DA:295,1
DA:296,1
DA:297,1
DA:298,1
DA:299,1
DA:303,1
DA:304,0
DA:305,1
DA:307,1
DA:309,1
DA:310,1
DA:311,1
DA:313,1
DA:320,1
DA:322,1
DA:324,1
DA:338,1
DA:339,1
DA:340,1
DA:341,1
DA:342,1
DA:345,1
DA:346,1
DA:349,1
DA:351,1
DA:352,1
DA:359,0
DA:370,1
DA:371,1
DA:372,0
DA:373,0
DA:374,1
DA:377,1
LF:146
LH:119
end_of_record
